#
# A fatal error has been detected by the Java Runtime Environment:
#
#  SIGSEGV (0xb) at pc=0x00007f8cc6c1d720, pid=15122, tid=0x00007f8d1b758700
#
# JRE version: OpenJDK Runtime Environment (8.0_102-b14) (build 1.8.0_102-b14)
# Java VM: OpenJDK 64-Bit Server VM (25.102-b14 mixed mode linux-amd64 compressed oops)
# Problematic frame:
# C  [libopencv_core.so.3.1+0x106720]
#
# Core dump written. Default location: /home/atoll/rl4j-examples/core or core.15122
#
# If you would like to submit a bug report, please visit:
#   http://bugreport.java.com/bugreport/crash.jsp
# The crash happened outside the Java Virtual Machine in native code.
# See problematic frame for where to report the bug.
#

---------------  T H R E A D  ---------------

Current thread (0x00007f8d1400d000):  JavaThread "main" [_thread_in_native, id=15128, stack(0x00007f8d1b658000,0x00007f8d1b759000)]

siginfo: si_signo: 11 (SIGSEGV), si_code: 2 (SEGV_ACCERR), si_addr: 0x00007f8d14a35000

Registers:
RAX=0x0000000000011294, RBX=0x000000000001d4c0, RCX=0x0000000000000000, RDX=0x00007f8d14a28964
RSP=0x00007f8d1b756e68, RBP=0x000000000001d4c0, RSI=0x000000000001d4bd, RDI=0x00007f8d149f05b0
R8 =0x00007f8d14a176d0, R9 =0x0000000000000258, R10=0x0000000100000000, R11=0x0000000000000000
R12=0x000000000001d4c0, R13=0x0000000000075300, R14=0x0000000000000000, R15=0x00000000ffff8500
RIP=0x00007f8cc6c1d720, EFLAGS=0x0000000000010202, CSGSFS=0x002b000000000033, ERR=0x0000000000000004
  TRAPNO=0x000000000000000e

Top of Stack: (sp=0x00007f8d1b756e68)
0x00007f8d1b756e68:   00007f8d149cdd20 00007f8cc6c1d6b0
0x00007f8d1b756e78:   00007f8d1b757070 0000000000000003
0x00007f8d1b756e88:   0000000000000010 0000000000000001
0x00007f8d1b756e98:   00007f8cc6c29754 00007f8d1b756f20
0x00007f8d1b756ea8:   00007f8d1b756ee0 00007f8d1b757000
0x00007f8d1b756eb8:   00007f8d1b756fc0 00007f8d1b756f60
0x00007f8d1b756ec8:   00007f8d14380e90 00007f8d1400d000
0x00007f8d1b756ed8:   00007f8d1400d000 3ff0000000000000
0x00007f8d1b756ee8:   0000000000000000 00007f8d149cdd20
0x00007f8d1b756ef8:   00007f8d1b756f30 00007f8d0000000e
0x00007f8d1b756f08:   00007f8dd7ef51c0 00007f8d1400d000
0x00007f8d1b756f18:   0000000000000000 000000010001d4c0
0x00007f8d1b756f28:   00007f8d14965090 00007f8d1a8b9da8
0x00007f8d1b756f38:   00007f8d1b5dad50 0000000014965090
0x00007f8d1b756f48:   00007f8d0000000e 00007f8d1b756e30
0x00007f8d1b756f58:   00007f8d1b756fd0 0000000242ff4015
0x00007f8d1b756f68:   000000c8000000c8 00007f8d149f05b0
0x00007f8d1b756f78:   00007f8d149f05b0 00007f8d14a658b0
0x00007f8d1b756f88:   00007f8d14a658b0 0000000000000000
0x00007f8d1b756f98:   0000000000000000 00007f8d1b756f68
0x00007f8d1b756fa8:   00007f8d1b756fb0 0000000000000960
0x00007f8d1b756fb8:   000000000000000c 0000000242ff4010
0x00007f8d1b756fc8:   000000c8000000c8 00007f8d14a176d0
0x00007f8d1b756fd8:   00007f8d14a176d0 00007f8d14a34b90
0x00007f8d1b756fe8:   00007f8d14a34b90 0000000000000000
0x00007f8d1b756ff8:   00007f8d149cde00 00007f8d1b756fc8
0x00007f8d1b757008:   00007f8d1b757010 0000000000000258
0x00007f8d1b757018:   0000000000000003 00007f8d1b7570b0
0x00007f8d1b757028:   00007f8d1400d1e0 00007f8d1b757158
0x00007f8d1b757038:   0000000000000000 00007f8d149cdd20
0x00007f8d1b757048:   0000000000000010 00007f8d149cdd90
0x00007f8d1b757058:   00007f8cc627d0c8 0000000000000000 

Instructions: (pc=0x00007f8cc6c1d720)
0x00007f8cc6c1d700:   29 da 4e 8d 2c a5 00 00 00 00 49 83 c2 01 66 90
0x00007f8cc6c1d710:   85 f6 0f 8e 9e 00 00 00 4c 89 c2 31 c0 0f 1f 00
0x00007f8cc6c1d720:   f3 0f 10 04 87 f3 44 0f 2d f0 f3 0f 10 44 87 04
0x00007f8cc6c1d730:   f3 0f 2d c8 45 85 f6 41 0f 9f c7 41 f7 df 41 81 

Register to memory mapping:

RAX=0x0000000000011294 is an unknown value
RBX=0x000000000001d4c0 is an unknown value
RCX=0x0000000000000000 is an unknown value
RDX=0x00007f8d14a28964 is an unknown value
RSP=0x00007f8d1b756e68 is pointing into the stack for thread: 0x00007f8d1400d000
RBP=0x000000000001d4c0 is an unknown value
RSI=0x000000000001d4bd is an unknown value
RDI=0x00007f8d149f05b0 is an unknown value
R8 =0x00007f8d14a176d0 is an unknown value
R9 =0x0000000000000258 is an unknown value
R10=0x0000000100000000 is pointing into metadata
R11=0x0000000000000000 is an unknown value
R12=0x000000000001d4c0 is an unknown value
R13=0x0000000000075300 is an unknown value
R14=0x0000000000000000 is an unknown value
R15=0x00000000ffff8500 is an unallocated location in the heap


Stack: [0x00007f8d1b658000,0x00007f8d1b759000],  sp=0x00007f8d1b756e68,  free space=1019k
Native frames: (J=compiled Java code, j=interpreted, Vv=VM code, C=native code)
C  [libopencv_core.so.3.1+0x106720]

Java frames: (J=compiled Java code, j=interpreted, Vv=VM code)
j  org.bytedeco.javacpp.opencv_core$Mat.convertTo(Lorg/bytedeco/javacpp/opencv_core$Mat;I)V+0
j  org.deeplearning4j.rl4j.learning.HistoryProcessor.transform(Lorg/nd4j/linalg/api/ndarray/INDArray;)Lorg/nd4j/linalg/api/ndarray/INDArray;+62
j  org.deeplearning4j.rl4j.learning.HistoryProcessor.add(Lorg/nd4j/linalg/api/ndarray/INDArray;)V+12
j  org.deeplearning4j.rl4j.Compression.compressionTest()V+148
j  org.deeplearning4j.rl4j.Compression.main([Ljava/lang/String;)V+0
v  ~StubRoutines::call_stub
j  sun.reflect.NativeMethodAccessorImpl.invoke0(Ljava/lang/reflect/Method;Ljava/lang/Object;[Ljava/lang/Object;)Ljava/lang/Object;+0
j  sun.reflect.NativeMethodAccessorImpl.invoke(Ljava/lang/Object;[Ljava/lang/Object;)Ljava/lang/Object;+100
j  sun.reflect.DelegatingMethodAccessorImpl.invoke(Ljava/lang/Object;[Ljava/lang/Object;)Ljava/lang/Object;+6
j  java.lang.reflect.Method.invoke(Ljava/lang/Object;[Ljava/lang/Object;)Ljava/lang/Object;+56
j  com.intellij.rt.execution.application.AppMain.main([Ljava/lang/String;)V+170
v  ~StubRoutines::call_stub

---------------  P R O C E S S  ---------------

Java Threads: ( => current thread )
  0x00007f8d1451c000 JavaThread "Monitor Ctrl-Break" daemon [_thread_in_native, id=15153, stack(0x00007f8cee510000,0x00007f8cee611000)]
  0x00007f8d140c3000 JavaThread "Service Thread" daemon [_thread_blocked, id=15149, stack(0x00007f8cee952000,0x00007f8ceea53000)]
  0x00007f8d140c0000 JavaThread "C1 CompilerThread2" daemon [_thread_blocked, id=15148, stack(0x00007f8ceea53000,0x00007f8ceeb54000)]
  0x00007f8d140be000 JavaThread "C2 CompilerThread1" daemon [_thread_blocked, id=15147, stack(0x00007f8ceeb54000,0x00007f8ceec55000)]
  0x00007f8d140bb800 JavaThread "C2 CompilerThread0" daemon [_thread_blocked, id=15146, stack(0x00007f8ceec55000,0x00007f8ceed56000)]
  0x00007f8d140ba000 JavaThread "Signal Dispatcher" daemon [_thread_blocked, id=15145, stack(0x00007f8ceed56000,0x00007f8ceee57000)]
  0x00007f8d14087000 JavaThread "Finalizer" daemon [_thread_blocked, id=15138, stack(0x00007f8ceeff0000,0x00007f8cef0f1000)]
  0x00007f8d14082000 JavaThread "Reference Handler" daemon [_thread_blocked, id=15137, stack(0x00007f8cef0f1000,0x00007f8cef1f2000)]
=>0x00007f8d1400d000 JavaThread "main" [_thread_in_native, id=15128, stack(0x00007f8d1b658000,0x00007f8d1b759000)]

Other Threads:
  0x00007f8d1407a800 VMThread [stack: 0x00007f8cef1f2000,0x00007f8cef2f3000] [id=15134]
  0x00007f8d140c5800 WatcherThread [stack: 0x00007f8cee851000,0x00007f8cee952000] [id=15150]

VM state:not at safepoint (normal execution)

VM Mutex/Monitor currently owned by a thread: None

Heap:
 PSYoungGen      total 36864K, used 20434K [0x00000000d7000000, 0x00000000db800000, 0x0000000100000000)
  eden space 31744K, 48% used [0x00000000d7000000,0x00000000d7efb6f0,0x00000000d8f00000)
  from space 5120K, 99% used [0x00000000d8f00000,0x00000000d93f9490,0x00000000d9400000)
  to   space 5120K, 0% used [0x00000000db300000,0x00000000db300000,0x00000000db800000)
 ParOldGen       total 84992K, used 6886K [0x0000000085000000, 0x000000008a300000, 0x00000000d7000000)
  object space 84992K, 8% used [0x0000000085000000,0x00000000856b99f8,0x000000008a300000)
 Metaspace       used 12125K, capacity 12281K, committed 12416K, reserved 1060864K
  class space    used 1328K, capacity 1390K, committed 1408K, reserved 1048576K

Card table byte_map: [0x00007f8d18553000,0x00007f8d1892c000] byte_map_base: 0x00007f8d1812b000

Marking Bits: (ParMarkBitMap*) 0x00007f8d1a97d860
 Begin Bits: [0x00007f8cf4280000, 0x00007f8cf6140000)
 End Bits:   [0x00007f8cf6140000, 0x00007f8cf8000000)

Polling page: 0x00007f8d1b79b000

CodeCache: size=245760Kb used=3920Kb max_used=3924Kb free=241839Kb
 bounds [0x00007f8d05000000, 0x00007f8d053e0000, 0x00007f8d14000000]
 total_blobs=1491 nmethods=988 adapters=418
 compilation: enabled

Compilation events (10 events):
Event: 1.764 Thread 0x00007f8d140bb800  985       4       org.bytedeco.javacpp.indexer.FloatRawIndexer::get (24 bytes)
Event: 1.764 Thread 0x00007f8d140be000  987       4       org.bytedeco.javacpp.indexer.UByteRawIndexer::put (23 bytes)
Event: 1.764 Thread 0x00007f8d140bb800 nmethod 985 0x00007f8d053ccc50 code [0x00007f8d053ccda0, 0x00007f8d053cce78]
Event: 1.764 Thread 0x00007f8d140bb800  986       4       org.nd4j.linalg.api.buffer.BaseDataBuffer::getDouble (187 bytes)
Event: 1.764 Thread 0x00007f8d140be000 nmethod 987 0x00007f8d053d5a50 code [0x00007f8d053d5ba0, 0x00007f8d053d5c98]
Event: 1.765 Thread 0x00007f8d140bb800 nmethod 986 0x00007f8d053d5590 code [0x00007f8d053d5700, 0x00007f8d053d5878]
Event: 1.768 Thread 0x00007f8d140c0000  988 %     3       org.nd4j.linalg.api.rng.DefaultRandom::nextDouble @ 24 (53 bytes)
Event: 1.768 Thread 0x00007f8d140c0000 nmethod 988% 0x00007f8d053d45d0 code [0x00007f8d053d47a0, 0x00007f8d053d50e8]
Event: 1.768 Thread 0x00007f8d140c0000  989       3       org.nd4j.linalg.api.rng.DefaultRandom::nextDouble (53 bytes)
Event: 1.769 Thread 0x00007f8d140c0000 nmethod 989 0x00007f8d053d94d0 code [0x00007f8d053d96a0, 0x00007f8d053d9f08]

GC Heap History (6 events):
Event: 0.623 GC heap before
{Heap before GC invocations=1 (full 0):
 PSYoungGen      total 36864K, used 31744K [0x00000000d7000000, 0x00000000d9900000, 0x0000000100000000)
  eden space 31744K, 100% used [0x00000000d7000000,0x00000000d8f00000,0x00000000d8f00000)
  from space 5120K, 0% used [0x00000000d9400000,0x00000000d9400000,0x00000000d9900000)
  to   space 5120K, 0% used [0x00000000d8f00000,0x00000000d8f00000,0x00000000d9400000)
 ParOldGen       total 84992K, used 0K [0x0000000085000000, 0x000000008a300000, 0x00000000d7000000)
  object space 84992K, 0% used [0x0000000085000000,0x0000000085000000,0x000000008a300000)
 Metaspace       used 6396K, capacity 6572K, committed 6784K, reserved 1056768K
  class space    used 723K, capacity 782K, committed 896K, reserved 1048576K
Event: 0.628 GC heap after
Heap after GC invocations=1 (full 0):
 PSYoungGen      total 36864K, used 3091K [0x00000000d7000000, 0x00000000d9900000, 0x0000000100000000)
  eden space 31744K, 0% used [0x00000000d7000000,0x00000000d7000000,0x00000000d8f00000)
  from space 5120K, 60% used [0x00000000d8f00000,0x00000000d9204f00,0x00000000d9400000)
  to   space 5120K, 0% used [0x00000000d9400000,0x00000000d9400000,0x00000000d9900000)
 ParOldGen       total 84992K, used 8K [0x0000000085000000, 0x000000008a300000, 0x00000000d7000000)
  object space 84992K, 0% used [0x0000000085000000,0x0000000085002000,0x000000008a300000)
 Metaspace       used 6396K, capacity 6572K, committed 6784K, reserved 1056768K
  class space    used 723K, capacity 782K, committed 896K, reserved 1048576K
}
Event: 0.921 GC heap before
{Heap before GC invocations=2 (full 0):
 PSYoungGen      total 36864K, used 34835K [0x00000000d7000000, 0x00000000d9900000, 0x0000000100000000)
  eden space 31744K, 100% used [0x00000000d7000000,0x00000000d8f00000,0x00000000d8f00000)
  from space 5120K, 60% used [0x00000000d8f00000,0x00000000d9204f00,0x00000000d9400000)
  to   space 5120K, 0% used [0x00000000d9400000,0x00000000d9400000,0x00000000d9900000)
 ParOldGen       total 84992K, used 8K [0x0000000085000000, 0x000000008a300000, 0x00000000d7000000)
  object space 84992K, 0% used [0x0000000085000000,0x0000000085002000,0x000000008a300000)
 Metaspace       used 7703K, capacity 7852K, committed 8192K, reserved 1056768K
  class space    used 845K, capacity 910K, committed 1024K, reserved 1048576K
Event: 0.931 GC heap after
Heap after GC invocations=2 (full 0):
 PSYoungGen      total 36864K, used 5101K [0x00000000d7000000, 0x00000000db800000, 0x0000000100000000)
  eden space 31744K, 0% used [0x00000000d7000000,0x00000000d7000000,0x00000000d8f00000)
  from space 5120K, 99% used [0x00000000d9400000,0x00000000d98fb480,0x00000000d9900000)
  to   space 5120K, 0% used [0x00000000d8f00000,0x00000000d8f00000,0x00000000d9400000)
 ParOldGen       total 84992K, used 3439K [0x0000000085000000, 0x000000008a300000, 0x00000000d7000000)
  object space 84992K, 4% used [0x0000000085000000,0x000000008535bd20,0x000000008a300000)
 Metaspace       used 7703K, capacity 7852K, committed 8192K, reserved 1056768K
  class space    used 845K, capacity 910K, committed 1024K, reserved 1048576K
}
Event: 1.387 GC heap before
{Heap before GC invocations=3 (full 0):
 PSYoungGen      total 36864K, used 36845K [0x00000000d7000000, 0x00000000db800000, 0x0000000100000000)
  eden space 31744K, 100% used [0x00000000d7000000,0x00000000d8f00000,0x00000000d8f00000)
  from space 5120K, 99% used [0x00000000d9400000,0x00000000d98fb480,0x00000000d9900000)
  to   space 5120K, 0% used [0x00000000d8f00000,0x00000000d8f00000,0x00000000d9400000)
 ParOldGen       total 84992K, used 3439K [0x0000000085000000, 0x000000008a300000, 0x00000000d7000000)
  object space 84992K, 4% used [0x0000000085000000,0x000000008535bd20,0x000000008a300000)
 Metaspace       used 9064K, capacity 9164K, committed 9344K, reserved 1056768K
  class space    used 1023K, capacity 1070K, committed 1152K, reserved 1048576K
Event: 1.413 GC heap after
Heap after GC invocations=3 (full 0):
 PSYoungGen      total 36864K, used 5093K [0x00000000d7000000, 0x00000000db800000, 0x0000000100000000)
  eden space 31744K, 0% used [0x00000000d7000000,0x00000000d7000000,0x00000000d8f00000)
  from space 5120K, 99% used [0x00000000d8f00000,0x00000000d93f9490,0x00000000d9400000)
  to   space 5120K, 0% used [0x00000000db300000,0x00000000db300000,0x00000000db800000)
 ParOldGen       total 84992K, used 6886K [0x0000000085000000, 0x000000008a300000, 0x00000000d7000000)
  object space 84992K, 8% used [0x0000000085000000,0x00000000856b99f8,0x000000008a300000)
 Metaspace       used 9064K, capacity 9164K, committed 9344K, reserved 1056768K
  class space    used 1023K, capacity 1070K, committed 1152K, reserved 1048576K
}

Deoptimization events (10 events):
Event: 0.733 Thread 0x00007f8d1400d000 Uncommon trap: reason=class_check action=maybe_recompile pc=0x00007f8d05292f9c method=java.io.BufferedInputStream.read([BII)I @ 101
Event: 0.733 Thread 0x00007f8d1400d000 Uncommon trap: reason=class_check action=maybe_recompile pc=0x00007f8d05292f9c method=java.io.BufferedInputStream.read([BII)I @ 101
Event: 0.733 Thread 0x00007f8d1400d000 Uncommon trap: reason=class_check action=maybe_recompile pc=0x00007f8d05292f9c method=java.io.BufferedInputStream.read([BII)I @ 101
Event: 0.734 Thread 0x00007f8d1400d000 Uncommon trap: reason=class_check action=maybe_recompile pc=0x00007f8d05292f9c method=java.io.BufferedInputStream.read([BII)I @ 101
Event: 0.899 Thread 0x00007f8d1400d000 Uncommon trap: reason=unstable_if action=reinterpret pc=0x00007f8d052aec3c method=java.io.BufferedInputStream.read1([BII)I @ 22
Event: 0.900 Thread 0x00007f8d1400d000 Uncommon trap: reason=unstable_if action=reinterpret pc=0x00007f8d0517008c method=java.lang.String.indexOf([CII[CIII)I @ 3
Event: 0.979 Thread 0x00007f8d1400d000 Uncommon trap: reason=unstable_if action=reinterpret pc=0x00007f8d051d6678 method=sun.net.www.ParseUtil.encodePath(Ljava/lang/String;Z)Ljava/lang/String; @ 109
Event: 1.000 Thread 0x00007f8d1400d000 Uncommon trap: reason=unstable_if action=reinterpret pc=0x00007f8d052c4378 method=java.util.Arrays.copyOf([Ljava/lang/Object;ILjava/lang/Class;)[Ljava/lang/Object; @ 3
Event: 1.001 Thread 0x00007f8d1400d000 Uncommon trap: reason=unstable_if action=reinterpret pc=0x00007f8d05255f44 method=java.util.HashMap.getNode(ILjava/lang/Object;)Ljava/util/HashMap$Node; @ 62
Event: 1.022 Thread 0x00007f8d1400d000 Uncommon trap: reason=unstable_if action=reinterpret pc=0x00007f8d0530ad18 method=java.util.HashMap.getNode(ILjava/lang/Object;)Ljava/util/HashMap$Node; @ 129

Internal exceptions (10 events):
Event: 0.260 Thread 0x00007f8d1400d000 Exception <a 'java/security/PrivilegedActionException'> (0x00000000d7868c78) thrown at [/build/java8-openjdk/src/jdk8u-jdk8u102-b14/hotspot/src/share/vm/prims/jvm.cpp, line 1386]
Event: 0.260 Thread 0x00007f8d1400d000 Exception <a 'java/security/PrivilegedActionException'> (0x00000000d7869070) thrown at [/build/java8-openjdk/src/jdk8u-jdk8u102-b14/hotspot/src/share/vm/prims/jvm.cpp, line 1386]
Event: 0.260 Thread 0x00007f8d1400d000 Exception <a 'java/security/PrivilegedActionException'> (0x00000000d7869cb0) thrown at [/build/java8-openjdk/src/jdk8u-jdk8u102-b14/hotspot/src/share/vm/prims/jvm.cpp, line 1386]
Event: 0.260 Thread 0x00007f8d1400d000 Exception <a 'java/security/PrivilegedActionException'> (0x00000000d786a0a8) thrown at [/build/java8-openjdk/src/jdk8u-jdk8u102-b14/hotspot/src/share/vm/prims/jvm.cpp, line 1386]
Event: 0.470 Thread 0x00007f8d1400d000 Exception <a 'java/security/PrivilegedActionException'> (0x00000000d875ea10) thrown at [/build/java8-openjdk/src/jdk8u-jdk8u102-b14/hotspot/src/share/vm/prims/jvm.cpp, line 1386]
Event: 0.470 Thread 0x00007f8d1400d000 Exception <a 'java/security/PrivilegedActionException'> (0x00000000d875ee08) thrown at [/build/java8-openjdk/src/jdk8u-jdk8u102-b14/hotspot/src/share/vm/prims/jvm.cpp, line 1386]
Event: 0.583 Thread 0x00007f8d1400d000 Exception <a 'java/lang/NoSuchFieldError': method resolution failed> (0x00000000d8cdff40) thrown at [/build/java8-openjdk/src/jdk8u-jdk8u102-b14/hotspot/src/share/vm/prims/methodHandles.cpp, line 1146]
Event: 0.585 Thread 0x00007f8d1400d000 Exception <a 'java/lang/NoSuchFieldError': method resolution failed> (0x00000000d8ced630) thrown at [/build/java8-openjdk/src/jdk8u-jdk8u102-b14/hotspot/src/share/vm/prims/methodHandles.cpp, line 1146]
Event: 1.187 Thread 0x00007f8d1400d000 Exception <a 'java/security/PrivilegedActionException'> (0x00000000d78c7c28) thrown at [/build/java8-openjdk/src/jdk8u-jdk8u102-b14/hotspot/src/share/vm/prims/jvm.cpp, line 1386]
Event: 1.187 Thread 0x00007f8d1400d000 Exception <a 'java/security/PrivilegedActionException'> (0x00000000d78c8020) thrown at [/build/java8-openjdk/src/jdk8u-jdk8u102-b14/hotspot/src/share/vm/prims/jvm.cpp, line 1386]

Events (10 events):
Event: 1.756 loading class org/bytedeco/javacpp/indexer/UByteArrayIndexer
Event: 1.756 loading class org/bytedeco/javacpp/indexer/UByteArrayIndexer done
Event: 1.759 loading class org/nd4j/linalg/util/LinAlgExceptions
Event: 1.759 loading class org/nd4j/linalg/util/LinAlgExceptions done
Event: 1.765 loading class org/nd4j/linalg/compression/CompressionDescriptor
Event: 1.765 loading class org/nd4j/linalg/compression/CompressionDescriptor done
Event: 1.765 loading class org/nd4j/linalg/compression/CompressionType
Event: 1.765 loading class org/nd4j/linalg/compression/CompressionType done
Event: 1.765 loading class org/nd4j/linalg/compression/CompressedDataBuffer
Event: 1.765 loading class org/nd4j/linalg/compression/CompressedDataBuffer done


Dynamic libraries:
00400000-00401000 r-xp 00000000 08:02 753642                             /usr/lib/jvm/java-8-openjdk/jre/bin/java
00600000-00601000 rw-p 00000000 08:02 753642                             /usr/lib/jvm/java-8-openjdk/jre/bin/java
01169000-0118a000 rw-p 00000000 00:00 0                                  [heap]
85000000-8a300000 rw-p 00000000 00:00 0 
8a300000-d7000000 ---p 00000000 00:00 0 
d7000000-db800000 rw-p 00000000 00:00 0 
db800000-100000000 ---p 00000000 00:00 0 
100000000-100160000 rw-p 00000000 00:00 0 
100160000-140000000 ---p 00000000 00:00 0 
7f8cc0000000-7f8cc0021000 rw-p 00000000 00:00 0 
7f8cc0021000-7f8cc4000000 ---p 00000000 00:00 0 
7f8cc46f3000-7f8cc46f4000 ---p 00000000 00:00 0 
7f8cc46f4000-7f8cc4ef4000 rw-p 00000000 00:00 0 
7f8cc4ef4000-7f8cc4ef5000 ---p 00000000 00:00 0 
7f8cc4ef5000-7f8cc56f5000 rw-p 00000000 00:00 0 
7f8cc56f5000-7f8cc56f6000 ---p 00000000 00:00 0 
7f8cc56f6000-7f8cc5ef6000 rw-p 00000000 00:00 0 
7f8cc5ef6000-7f8cc5fb0000 r-xp 00000000 00:23 400173                     /tmp/javacpp13473837527153/libjniopencv_imgproc.so
7f8cc5fb0000-7f8cc61af000 ---p 000ba000 00:23 400173                     /tmp/javacpp13473837527153/libjniopencv_imgproc.so
7f8cc61af000-7f8cc61b0000 r--p 000b9000 00:23 400173                     /tmp/javacpp13473837527153/libjniopencv_imgproc.so
7f8cc61b0000-7f8cc61b1000 rw-p 000ba000 00:23 400173                     /tmp/javacpp13473837527153/libjniopencv_imgproc.so
7f8cc61b1000-7f8cc63e0000 r-xp 00000000 00:23 402649                     /tmp/javacpp13473837527153/libjniopencv_core.so
7f8cc63e0000-7f8cc65e0000 ---p 0022f000 00:23 402649                     /tmp/javacpp13473837527153/libjniopencv_core.so
7f8cc65e0000-7f8cc65e1000 r--p 0022f000 00:23 402649                     /tmp/javacpp13473837527153/libjniopencv_core.so
7f8cc65e1000-7f8cc65e3000 rw-p 00230000 00:23 402649                     /tmp/javacpp13473837527153/libjniopencv_core.so
7f8cc65e3000-7f8cc65e4000 rw-p 00000000 00:00 0 
7f8cc65e4000-7f8cc6871000 r-xp 00000000 00:23 402648                     /tmp/javacpp13473837527153/libopencv_imgproc.so.3.1
7f8cc6871000-7f8cc6a70000 ---p 0028d000 00:23 402648                     /tmp/javacpp13473837527153/libopencv_imgproc.so.3.1
7f8cc6a70000-7f8cc6a7a000 r--p 0028c000 00:23 402648                     /tmp/javacpp13473837527153/libopencv_imgproc.so.3.1
7f8cc6a7a000-7f8cc6a82000 rw-p 00296000 00:23 402648                     /tmp/javacpp13473837527153/libopencv_imgproc.so.3.1
7f8cc6a82000-7f8cc6b17000 rw-p 00000000 00:00 0 
7f8cc6b17000-7f8cc6da9000 r-xp 00000000 00:23 400172                     /tmp/javacpp13473837527153/libopencv_core.so.3.1
7f8cc6da9000-7f8cc6fa8000 ---p 00292000 00:23 400172                     /tmp/javacpp13473837527153/libopencv_core.so.3.1
7f8cc6fa8000-7f8cc6fad000 r--p 00291000 00:23 400172                     /tmp/javacpp13473837527153/libopencv_core.so.3.1
7f8cc6fad000-7f8cc6faf000 rw-p 00296000 00:23 400172                     /tmp/javacpp13473837527153/libopencv_core.so.3.1
7f8cc6faf000-7f8cc71b2000 rw-p 00000000 00:00 0 
7f8cc7362000-7f8cc7422000 rw-p 00000000 00:00 0 
7f8cc7422000-7f8cc7562000 ---p 00000000 00:00 0 
7f8cc7562000-7f8cc7596000 r-xp 00000000 00:23 402646                     /tmp/javacpp13473837527153/libjnind4j.so
7f8cc7596000-7f8cc7795000 ---p 00034000 00:23 402646                     /tmp/javacpp13473837527153/libjnind4j.so
7f8cc7795000-7f8cc7796000 r--p 00033000 00:23 402646                     /tmp/javacpp13473837527153/libjnind4j.so
7f8cc7796000-7f8cc7797000 rw-p 00034000 00:23 402646                     /tmp/javacpp13473837527153/libjnind4j.so
7f8cc7797000-7f8cc7cee000 r-xp 00000000 08:02 559428                     /usr/lib/liblapack.so
7f8cc7cee000-7f8cc7eee000 ---p 00557000 08:02 559428                     /usr/lib/liblapack.so
7f8cc7eee000-7f8cc7ef3000 rw-p 00557000 08:02 559428                     /usr/lib/liblapack.so
7f8cc7ef3000-7f8cc8000000 rw-p 00000000 00:00 0 
7f8cc8000000-7f8cc8021000 rw-p 00000000 00:00 0 
7f8cc8021000-7f8ccc000000 ---p 00000000 00:00 0 
7f8ccc000000-7f8ccc021000 rw-p 00000000 00:00 0 
7f8ccc021000-7f8cd0000000 ---p 00000000 00:00 0 
7f8cd0000000-7f8cd0c5d000 rw-p 00000000 00:00 0 
7f8cd0c5d000-7f8cd4000000 ---p 00000000 00:00 0 
7f8cd4000000-7f8cd468b000 rw-p 00000000 00:00 0 
7f8cd468b000-7f8cd8000000 ---p 00000000 00:00 0 
7f8cd8000000-7f8cd8021000 rw-p 00000000 00:00 0 
7f8cd8021000-7f8cdc000000 ---p 00000000 00:00 0 
7f8cdc000000-7f8cdd705000 rw-p 00000000 00:00 0 
7f8cdd705000-7f8ce0000000 ---p 00000000 00:00 0 
7f8ce0000000-7f8ce0021000 rw-p 00000000 00:00 0 
7f8ce0021000-7f8ce4000000 ---p 00000000 00:00 0 
7f8ce4000000-7f8ce4021000 rw-p 00000000 00:00 0 
7f8ce4021000-7f8ce8000000 ---p 00000000 00:00 0 
7f8ce8000000-7f8ce8021000 rw-p 00000000 00:00 0 
7f8ce8021000-7f8cec000000 ---p 00000000 00:00 0 
7f8cec155000-7f8cec2cd000 r-xp 00000000 08:02 573910                     /usr/lib/libstdc++.so.6.0.22
7f8cec2cd000-7f8cec4cd000 ---p 00178000 08:02 573910                     /usr/lib/libstdc++.so.6.0.22
7f8cec4cd000-7f8cec4d7000 r--p 00178000 08:02 573910                     /usr/lib/libstdc++.so.6.0.22
7f8cec4d7000-7f8cec4d9000 rw-p 00182000 08:02 573910                     /usr/lib/libstdc++.so.6.0.22
7f8cec4d9000-7f8cec4dd000 rw-p 00000000 00:00 0 
7f8cec4dd000-7f8cec4fe000 r-xp 00000000 08:02 554123                     /usr/lib/libcblas.so
7f8cec4fe000-7f8cec6fd000 ---p 00021000 08:02 554123                     /usr/lib/libcblas.so
7f8cec6fd000-7f8cec6fe000 rw-p 00020000 08:02 554123                     /usr/lib/libcblas.so
7f8cec6fe000-7f8cec89a000 r-xp 00000000 00:23 402645                     /tmp/javacpp13473837527153/libnd4j.so
7f8cec89a000-7f8ceca99000 ---p 0019c000 00:23 402645                     /tmp/javacpp13473837527153/libnd4j.so
7f8ceca99000-7f8ceca9a000 r--p 0019b000 00:23 402645                     /tmp/javacpp13473837527153/libnd4j.so
7f8ceca9a000-7f8ceca9b000 rw-p 0019c000 00:23 402645                     /tmp/javacpp13473837527153/libnd4j.so
7f8ceca9b000-7f8cecab8000 r-xp 00000000 00:23 402644                     /tmp/javacpp13473837527153/libblas.so.3
7f8cecab8000-7f8ceccb8000 ---p 0001d000 00:23 402644                     /tmp/javacpp13473837527153/libblas.so.3
7f8ceccb8000-7f8ceccb9000 rw-p 0001d000 00:23 402644                     /tmp/javacpp13473837527153/libblas.so.3
7f8ceccb9000-7f8ced26b000 r-xp 00000000 08:02 549418                     /usr/lib/libatlas.so
7f8ced26b000-7f8ced46b000 ---p 005b2000 08:02 549418                     /usr/lib/libatlas.so
7f8ced46b000-7f8ced473000 rw-p 005b2000 08:02 549418                     /usr/lib/libatlas.so
7f8ced4b4000-7f8ced4d1000 r-xp 00000000 00:23 402643                     /tmp/javacpp13473837527153/libblas.so
7f8ced4d1000-7f8ced6d1000 ---p 0001d000 00:23 402643                     /tmp/javacpp13473837527153/libblas.so
7f8ced6d1000-7f8ced6d2000 rw-p 0001d000 00:23 402643                     /tmp/javacpp13473837527153/libblas.so
7f8ced6d2000-7f8ced6e8000 r-xp 00000000 08:02 535521                     /usr/lib/libgcc_s.so.1
7f8ced6e8000-7f8ced8e7000 ---p 00016000 08:02 535521                     /usr/lib/libgcc_s.so.1
7f8ced8e7000-7f8ced8e8000 r--p 00015000 08:02 535521                     /usr/lib/libgcc_s.so.1
7f8ced8e8000-7f8ced8e9000 rw-p 00016000 08:02 535521                     /usr/lib/libgcc_s.so.1
7f8ced8e9000-7f8ceda17000 r-xp 00000000 00:23 402642                     /tmp/javacpp13473837527153/libgfortran.so.3
7f8ceda17000-7f8cedc17000 ---p 0012e000 00:23 402642                     /tmp/javacpp13473837527153/libgfortran.so.3
7f8cedc17000-7f8cedc18000 r--p 0012e000 00:23 402642                     /tmp/javacpp13473837527153/libgfortran.so.3
7f8cedc18000-7f8cedc1a000 rw-p 0012f000 00:23 402642                     /tmp/javacpp13473837527153/libgfortran.so.3
7f8cedd39000-7f8cedd78000 r-xp 00000000 00:23 402641                     /tmp/javacpp13473837527153/libquadmath.so.0
7f8cedd78000-7f8cedf77000 ---p 0003f000 00:23 402641                     /tmp/javacpp13473837527153/libquadmath.so.0
7f8cedf77000-7f8cedf78000 r--p 0003e000 00:23 402641                     /tmp/javacpp13473837527153/libquadmath.so.0
7f8cedf78000-7f8cedf79000 rw-p 0003f000 00:23 402641                     /tmp/javacpp13473837527153/libquadmath.so.0
7f8cedf79000-7f8cedfa6000 r-xp 00000000 00:23 402640                     /tmp/javacpp13473837527153/libgomp.so.1
7f8cedfa6000-7f8cee1a5000 ---p 0002d000 00:23 402640                     /tmp/javacpp13473837527153/libgomp.so.1
7f8cee1a5000-7f8cee1a6000 r--p 0002c000 00:23 402640                     /tmp/javacpp13473837527153/libgomp.so.1
7f8cee1a6000-7f8cee1a7000 rw-p 0002d000 00:23 402640                     /tmp/javacpp13473837527153/libgomp.so.1
7f8cee2c8000-7f8cee2f9000 rw-p 00000000 00:00 0 
7f8cee2f9000-7f8cee30f000 r-xp 00000000 08:02 705913                     /usr/lib/jvm/java-8-openjdk/jre/lib/amd64/libnet.so
7f8cee30f000-7f8cee50f000 ---p 00016000 08:02 705913                     /usr/lib/jvm/java-8-openjdk/jre/lib/amd64/libnet.so
7f8cee50f000-7f8cee510000 rw-p 00016000 08:02 705913                     /usr/lib/jvm/java-8-openjdk/jre/lib/amd64/libnet.so
7f8cee510000-7f8cee513000 ---p 00000000 00:00 0 
7f8cee513000-7f8cee611000 rw-p 00000000 00:00 0 
7f8cee611000-7f8cee613000 r--s 0001e000 08:02 637775                     /usr/share/intellijidea-ce/lib/idea_rt.jar
7f8cee613000-7f8cee631000 r--s 00110000 08:03 13775683                   /home/atoll/.m2/repository/org/mockito/mockito-all/2.0.2-beta/mockito-all-2.0.2-beta.jar
7f8cee631000-7f8cee633000 r--s 00006000 08:03 13800812                   /home/atoll/.m2/repository/org/deeplearning4j/rl4j/gym-java-client/0.5.0-SNAPSHOT/gym-java-client-0.5.0-SNAPSHOT.jar
7f8cee633000-7f8cee635000 r--s 00000000 08:03 14046434                   /home/atoll/.m2/repository/org/deeplearning4j/rl4j/rl4j-gym/0.5.0-SNAPSHOT/rl4j-gym-0.5.0-SNAPSHOT.jar
7f8cee635000-7f8cee637000 r--s 00002000 08:03 13660570                   /home/atoll/.m2/repository/com/doom/vizdoom/1.0/vizdoom-1.0.jar
7f8cee637000-7f8cee638000 r--s 00002000 08:03 14046442                   /home/atoll/.m2/repository/org/deeplearning4j/rl4j/rl4j-doom/0.5.0-SNAPSHOT/rl4j-doom-0.5.0-SNAPSHOT.jar
7f8cee638000-7f8cee63b000 r--s 0000b000 08:03 14046716                   /home/atoll/.m2/repository/com/fasterxml/jackson/core/jackson-annotations/2.8.1/jackson-annotations-2.8.1.jar
7f8cee63b000-7f8cee63f000 r--s 00041000 08:03 13933612                   /home/atoll/.m2/repository/com/fasterxml/jackson/core/jackson-core/2.8.1/jackson-core-2.8.1.jar
7f8cee63f000-7f8cee651000 r--s 0011b000 08:03 13933635                   /home/atoll/.m2/repository/com/fasterxml/jackson/core/jackson-databind/2.8.1/jackson-databind-2.8.1.jar
7f8cee651000-7f8cee654000 r--s 00014000 08:03 13774331                   /home/atoll/.m2/repository/de/erichseifert/vectorgraphics2d/VectorGraphics2D/0.11/VectorGraphics2D-0.11.jar
7f8cee654000-7f8cee658000 r--s 00028000 08:03 13774328                   /home/atoll/.m2/repository/org/knowm/xchart/xchart/3.1.0/xchart-3.1.0.jar
7f8cee658000-7f8cee663000 r--s 00065000 08:03 13774324                   /home/atoll/.m2/repository/ch/qos/logback/logback-core/1.1.3/logback-core-1.1.3.jar
7f8cee663000-7f8cee669000 r--s 0003f000 08:03 13774322                   /home/atoll/.m2/repository/ch/qos/logback/logback-classic/1.1.3/logback-classic-1.1.3.jar
7f8cee669000-7f8cee679000 r--s 000a8000 08:03 13774320                   /home/atoll/.m2/repository/org/apache/commons/commons-collections4/4.1/commons-collections4-4.1.jar
7f8cee679000-7f8cee67a000 r--s 00004000 08:03 14046867                   /home/atoll/.m2/repository/org/nd4j/nd4j-native-api/0.5.1-SNAPSHOT/nd4j-native-api-0.5.1-SNAPSHOT.jar
7f8cee67a000-7f8cee67b000 r--s 00262000 08:03 160586                     /home/atoll/.m2/repository/org/nd4j/nd4j-native/0.5.1-SNAPSHOT/nd4j-native-0.5.1-SNAPSHOT-linux-x86_64.jar
7f8cee67b000-7f8cee67c000 r--s 0000a000 08:03 160576                     /home/atoll/.m2/repository/org/nd4j/nd4j-native/0.5.1-SNAPSHOT/nd4j-native-0.5.1-SNAPSHOT.jar
7f8cee67c000-7f8cee6a8000 r--s 00208000 08:03 13661005                   /home/atoll/.m2/repository/com/google/guava/guava/19.0/guava-19.0.jar
7f8cee6a8000-7f8cee6a9000 r--s 00241000 08:03 13661463                   /home/atoll/.m2/repository/org/bytedeco/javacpp-presets/leptonica/1.73-1.2/leptonica-1.73-1.2-linux-ppc64le.jar
7f8cee6a9000-7f8cee6aa000 r--s 0028a000 08:03 13661461                   /home/atoll/.m2/repository/org/bytedeco/javacpp-presets/leptonica/1.73-1.2/leptonica-1.73-1.2-windows-x86_64.jar
7f8cee6aa000-7f8cee6ac000 r--s 0025b000 08:03 13661459                   /home/atoll/.m2/repository/org/bytedeco/javacpp-presets/leptonica/1.73-1.2/leptonica-1.73-1.2-macosx-x86_64.jar
7f8cee6ac000-7f8cee6ad000 r--s 00238000 08:03 13660793                   /home/atoll/.m2/repository/org/bytedeco/javacpp-presets/leptonica/1.73-1.2/leptonica-1.73-1.2-linux-x86_64.jar
7f8cee6ad000-7f8cee6b0000 r--s 00021000 08:03 13660792                   /home/atoll/.m2/repository/org/bytedeco/javacpp-presets/leptonica/1.73-1.2/leptonica-1.73-1.2.jar
7f8cee6b0000-7f8cee6b2000 r--s 00bed000 08:03 13661457                   /home/atoll/.m2/repository/org/bytedeco/javacpp-presets/ffmpeg/3.0.2-1.2/ffmpeg-3.0.2-1.2-linux-ppc64le.jar
7f8cee6b2000-7f8cee6b4000 r--s 01119000 08:03 13661455                   /home/atoll/.m2/repository/org/bytedeco/javacpp-presets/ffmpeg/3.0.2-1.2/ffmpeg-3.0.2-1.2-windows-x86_64.jar
7f8cee6b4000-7f8cee6b6000 r--s 00a46000 08:03 13661453                   /home/atoll/.m2/repository/org/bytedeco/javacpp-presets/ffmpeg/3.0.2-1.2/ffmpeg-3.0.2-1.2-macosx-x86_64.jar
7f8cee6b6000-7f8cee6b8000 r--s 00920000 08:03 13661454                   /home/atoll/.m2/repository/org/bytedeco/javacpp-presets/opencv/3.1.0-1.2/opencv-3.1.0-1.2-linux-ppc64le.jar
7f8cee6b8000-7f8cee6bb000 r--s 0098d000 08:03 13661452                   /home/atoll/.m2/repository/org/bytedeco/javacpp-presets/opencv/3.1.0-1.2/opencv-3.1.0-1.2-windows-x86_64.jar
7f8cee6bb000-7f8cee6bd000 r--s 00813000 08:03 13661451                   /home/atoll/.m2/repository/org/bytedeco/javacpp-presets/opencv/3.1.0-1.2/opencv-3.1.0-1.2-macosx-x86_64.jar
7f8cee6bd000-7f8cee6bf000 r--s 0000b000 08:03 13660789                   /home/atoll/.m2/repository/com/twelvemonkeys/imageio/imageio-bmp/3.1.1/imageio-bmp-3.1.1.jar
7f8cee6bf000-7f8cee6c1000 r--s 0000f000 08:03 13660788                   /home/atoll/.m2/repository/com/twelvemonkeys/imageio/imageio-psd/3.1.1/imageio-psd-3.1.1.jar
7f8cee6c1000-7f8cee6c3000 r--s 0000e000 08:03 13660787                   /home/atoll/.m2/repository/com/twelvemonkeys/imageio/imageio-tiff/3.1.1/imageio-tiff-3.1.1.jar
7f8cee6c3000-7f8cee6c6000 r--s 00012000 08:03 13660783                   /home/atoll/.m2/repository/com/twelvemonkeys/common/common-image/3.1.1/common-image-3.1.1.jar
7f8cee6c6000-7f8cee6c8000 r--s 00014000 08:03 13660781                   /home/atoll/.m2/repository/com/twelvemonkeys/common/common-io/3.1.1/common-io-3.1.1.jar
7f8cee6c8000-7f8cee6cb000 r--s 0001a000 08:03 13660780                   /home/atoll/.m2/repository/com/twelvemonkeys/common/common-lang/3.1.1/common-lang-3.1.1.jar
7f8cee6cb000-7f8cee6ce000 r--s 0000e000 08:03 13660778                   /home/atoll/.m2/repository/com/twelvemonkeys/imageio/imageio-metadata/3.1.1/imageio-metadata-3.1.1.jar
7f8cee6ce000-7f8cee6d1000 r--s 0000c000 08:03 13660775                   /home/atoll/.m2/repository/com/twelvemonkeys/imageio/imageio-core/3.1.1/imageio-core-3.1.1.jar
7f8cee6d1000-7f8cee6d3000 r--s 0000d000 08:03 13660774                   /home/atoll/.m2/repository/com/twelvemonkeys/imageio/imageio-jpeg/3.1.1/imageio-jpeg-3.1.1.jar
7f8cee6d3000-7f8cee6de000 r--s 00088000 08:03 13660771                   /home/atoll/.m2/repository/com/github/jai-imageio/jai-imageio-core/1.3.0/jai-imageio-core-1.3.0.jar
7f8cee6de000-7f8cee6e0000 r--s 0000d000 08:03 160056                     /home/atoll/.m2/repository/org/datavec/datavec-data-image/0.5.1-SNAPSHOT/datavec-data-image-0.5.1-SNAPSHOT.jar
7f8cee6e0000-7f8cee6f8000 r--s 00132000 08:03 13660829                   /home/atoll/.m2/repository/org/freemarker/freemarker/2.3.23/freemarker-2.3.23.jar
7f8cee6f8000-7f8cee708000 r--s 00089000 08:03 13660827                   /home/atoll/.m2/repository/joda-time/joda-time/2.9.2/joda-time-2.9.2.jar
7f8cee708000-7f8cee70a000 r--s 0000c000 08:03 14046822                   /home/atoll/.m2/repository/com/fasterxml/jackson/datatype/jackson-datatype-joda/2.4.4/jackson-datatype-joda-2.4.4.jar
7f8cee70a000-7f8cee716000 r--s 0007a000 08:03 160015                     /home/atoll/.m2/repository/org/datavec/datavec-api/0.5.1-SNAPSHOT/datavec-api-0.5.1-SNAPSHOT.jar
7f8cee716000-7f8cee718000 r--s 00001000 08:03 160050                     /home/atoll/.m2/repository/org/datavec/datavec-nd4j-common/0.5.1-SNAPSHOT/datavec-nd4j-common-0.5.1-SNAPSHOT.jar
7f8cee718000-7f8cee71f000 r--s 0003c000 08:03 13660821                   /home/atoll/.m2/repository/org/yaml/snakeyaml/1.12/snakeyaml-1.12.jar
7f8cee71f000-7f8cee728000 r--s 00046000 08:03 13660820                   /home/atoll/.m2/repository/com/fasterxml/jackson/dataformat/jackson-dataformat-yaml/2.5.1/jackson-dataformat-yaml-2.5.1.jar
7f8cee728000-7f8cee73d000 r--s 00137000 08:03 13661039                   /home/atoll/.m2/repository/org/projectlombok/lombok/1.16.4/lombok-1.16.4.jar
7f8cee73d000-7f8cee73e000 r--s 0000f000 08:03 13660816                   /home/atoll/.m2/repository/org/json/json/20131018/json-20131018.jar
7f8cee73e000-7f8cee745000 r--s 0005e000 08:03 13660809                   /home/atoll/.m2/repository/org/apache/commons/commons-lang3/3.3.1/commons-lang3-3.3.1.jar
7f8cee745000-7f8cee749000 r--s 00015000 08:03 13660803                   /home/atoll/.m2/repository/org/tukaani/xz/1.5/xz-1.5.jar
7f8cee749000-7f8cee750000 r--s 00053000 08:03 13660801                   /home/atoll/.m2/repository/org/apache/commons/commons-compress/1.8/commons-compress-1.8.jar
7f8cee750000-7f8cee754000 r--s 0002a000 08:03 13660799                   /home/atoll/.m2/repository/commons-io/commons-io/2.4/commons-io-2.4.jar
7f8cee754000-7f8cee778000 r--s 001cd000 08:03 13660797                   /home/atoll/.m2/repository/org/apache/commons/commons-math3/3.4.1/commons-math3-3.4.1.jar
7f8cee778000-7f8cee779000 r--s 00007000 08:03 13660796                   /home/atoll/.m2/repository/org/slf4j/slf4j-api/1.7.12/slf4j-api-1.7.12.jar
7f8cee779000-7f8cee788000 r--s 000c1000 08:03 13661585                   /home/atoll/.m2/repository/org/deeplearning4j/deeplearning4j-core/0.5.1-SNAPSHOT/deeplearning4j-core-0.5.1-SNAPSHOT.jar
7f8cee788000-7f8cee789000 r--s 00001000 08:03 159891                     /home/atoll/.m2/repository/org/nd4j/nd4j-context/0.5.1-SNAPSHOT/nd4j-context-0.5.1-SNAPSHOT.jar
7f8cee789000-7f8cee78d000 r--s 0000f000 08:03 13660768                   /home/atoll/.m2/repository/com/google/code/findbugs/annotations/2.0.1/annotations-2.0.1.jar
7f8cee78d000-7f8cee796000 r--s 000ae000 08:03 13661290                   /home/atoll/.m2/repository/org/javassist/javassist/3.19.0-GA/javassist-3.19.0-GA.jar
7f8cee796000-7f8cee799000 r--s 0001d000 08:03 13660765                   /home/atoll/.m2/repository/org/reflections/reflections/0.9.10/reflections-0.9.10.jar
7f8cee799000-7f8cee79b000 r--s 0001d000 08:03 159753                     /home/atoll/.m2/repository/org/nd4j/nd4j-common/0.5.1-SNAPSHOT/nd4j-common-0.5.1-SNAPSHOT.jar
7f8cee79b000-7f8cee79e000 r--s 0000c000 08:03 159927                     /home/atoll/.m2/repository/org/nd4j/nd4j-buffer/0.5.1-SNAPSHOT/nd4j-buffer-0.5.1-SNAPSHOT.jar
7f8cee79e000-7f8cee7a9000 r--s 0009c000 08:03 160035                     /home/atoll/.m2/repository/org/nd4j/nd4j-api/0.5.1-SNAPSHOT/nd4j-api-0.5.1-SNAPSHOT.jar
7f8cee7a9000-7f8cee7b0000 r--s 00050000 08:03 13775676                   /home/atoll/.m2/repository/org/apache/httpcomponents/httpcore-nio/4.4.4/httpcore-nio-4.4.4.jar
7f8cee7b0000-7f8cee7b4000 r--s 00028000 08:03 13775674                   /home/atoll/.m2/repository/org/apache/httpcomponents/httpasyncclient/4.1.1/httpasyncclient-4.1.1.jar
7f8cee7b4000-7f8cee7bb000 r--s 0003a000 08:03 13775672                   /home/atoll/.m2/repository/commons-codec/commons-codec/1.9/commons-codec-1.9.jar
7f8cee7bb000-7f8cee851000 r--s 008d5000 08:02 729450                     /usr/lib/jvm/java-8-openjdk/jre/lib/ext/jfxrt.jar
7f8cee851000-7f8cee852000 ---p 00000000 00:00 0 
7f8cee852000-7f8cee952000 rw-p 00000000 00:00 0 
7f8cee952000-7f8cee955000 ---p 00000000 00:00 0 
7f8cee955000-7f8ceea53000 rw-p 00000000 00:00 0 
7f8ceea53000-7f8ceea56000 ---p 00000000 00:00 0 
7f8ceea56000-7f8ceeb54000 rw-p 00000000 00:00 0 
7f8ceeb54000-7f8ceeb57000 ---p 00000000 00:00 0 
7f8ceeb57000-7f8ceec55000 rw-p 00000000 00:00 0 
7f8ceec55000-7f8ceec58000 ---p 00000000 00:00 0 
7f8ceec58000-7f8ceed56000 rw-p 00000000 00:00 0 
7f8ceed56000-7f8ceed59000 ---p 00000000 00:00 0 
7f8ceed59000-7f8ceee57000 rw-p 00000000 00:00 0 
7f8ceee57000-7f8ceeff0000 r--p 00000000 08:02 617558                     /usr/lib/locale/locale-archive
7f8ceeff0000-7f8ceeff3000 ---p 00000000 00:00 0 
7f8ceeff3000-7f8cef0f1000 rw-p 00000000 00:00 0 
7f8cef0f1000-7f8cef0f4000 ---p 00000000 00:00 0 
7f8cef0f4000-7f8cef1f2000 rw-p 00000000 00:00 0 
7f8cef1f2000-7f8cef1f3000 ---p 00000000 00:00 0 
7f8cef1f3000-7f8cf0000000 rw-p 00000000 00:00 0 
7f8cf0000000-7f8cf0021000 rw-p 00000000 00:00 0 
7f8cf0021000-7f8cf4000000 ---p 00000000 00:00 0 
7f8cf4000000-7f8cf4002000 r--s 00009000 08:03 13775679                   /home/atoll/.m2/repository/org/apache/httpcomponents/httpmime/4.5.2/httpmime-4.5.2.jar
7f8cf4002000-7f8cf4004000 r--s 0000e000 08:03 13775670                   /home/atoll/.m2/repository/commons-logging/commons-logging/1.2/commons-logging-1.2.jar
7f8cf4004000-7f8cf400b000 r--s 00049000 08:03 13775668                   /home/atoll/.m2/repository/org/apache/httpcomponents/httpcore/4.4.4/httpcore-4.4.4.jar
7f8cf400b000-7f8cf4018000 r--s 000a7000 08:03 13775666                   /home/atoll/.m2/repository/org/apache/httpcomponents/httpclient/4.5.2/httpclient-4.5.2.jar
7f8cf4018000-7f8cf401a000 r--s 00009000 08:03 13775664                   /home/atoll/.m2/repository/com/mashape/unirest/unirest-java/1.4.9/unirest-java-1.4.9.jar
7f8cf401a000-7f8cf401b000 r--s 00001000 08:03 13774394                   /home/atoll/.m2/repository/org/deeplearning4j/rl4j/rl4j-api/0.5.0-SNAPSHOT/rl4j-api-0.5.0-SNAPSHOT.jar
7f8cf401b000-7f8cf401d000 r--s 00009000 08:03 13660752                   /home/atoll/.m2/repository/org/bytedeco/javacpp-presets/flandmark/1.07-1.2/flandmark-1.07-1.2-linux-x86_64.jar
7f8cf401d000-7f8cf401e000 r--s 00002000 08:03 13660751                   /home/atoll/.m2/repository/org/bytedeco/javacpp-presets/flandmark/1.07-1.2/flandmark-1.07-1.2.jar
7f8cf401e000-7f8cf401f000 r--s 0002a000 08:03 13660747                   /home/atoll/.m2/repository/org/bytedeco/javacpp-presets/artoolkitplus/2.3.1-1.2/artoolkitplus-2.3.1-1.2-linux-x86_64.jar
7f8cf401f000-7f8cf4020000 r--s 00005000 08:03 13660746                   /home/atoll/.m2/repository/org/bytedeco/javacpp-presets/artoolkitplus/2.3.1-1.2/artoolkitplus-2.3.1-1.2.jar
7f8cf4020000-7f8cf4021000 r--s 00000000 08:03 13660745                   /home/atoll/.m2/repository/org/bytedeco/javacpp-presets/videoinput/0.200-1.2/videoinput-0.200-1.2-linux-x86_64.jar
7f8cf4021000-7f8cf4022000 r--s 00003000 08:03 13660741                   /home/atoll/.m2/repository/org/bytedeco/javacpp-presets/videoinput/0.200-1.2/videoinput-0.200-1.2.jar
7f8cf4022000-7f8cf4023000 r--s 00014000 08:03 13660740                   /home/atoll/.m2/repository/org/bytedeco/javacpp-presets/libfreenect/0.5.3-1.2/libfreenect-0.5.3-1.2-linux-x86_64.jar
7f8cf4023000-7f8cf4025000 r--s 00004000 08:03 13660739                   /home/atoll/.m2/repository/org/bytedeco/javacpp-presets/libfreenect/0.5.3-1.2/libfreenect-0.5.3-1.2.jar
7f8cf4025000-7f8cf4027000 r--s 00006000 08:03 13660733                   /home/atoll/.m2/repository/org/bytedeco/javacpp-presets/libdc1394/2.2.4-1.2/libdc1394-2.2.4-1.2.jar
7f8cf4027000-7f8cf402d000 r--s 00031000 08:03 13660723                   /home/atoll/.m2/repository/org/bytedeco/javacpp-presets/ffmpeg/3.0.2-1.2/ffmpeg-3.0.2-1.2.jar
7f8cf402d000-7f8cf403c000 r--s 00093000 08:03 13660719                   /home/atoll/.m2/repository/org/bytedeco/javacpp-presets/opencv/3.1.0-1.2/opencv-3.1.0-1.2.jar
7f8cf403c000-7f8cf8000000 rw-p 00000000 00:00 0 
7f8cf8000000-7f8cf8021000 rw-p 00000000 00:00 0 
7f8cf8021000-7f8cfc000000 ---p 00000000 00:00 0 
7f8cfc000000-7f8cfc021000 rw-p 00000000 00:00 0 
7f8cfc021000-7f8d00000000 ---p 00000000 00:00 0 
7f8d00000000-7f8d00021000 rw-p 00000000 00:00 0 
7f8d00021000-7f8d04000000 ---p 00000000 00:00 0 
7f8d04000000-7f8d04004000 r--s 0001f000 08:03 13660730                   /home/atoll/.m2/repository/org/bytedeco/javacpp-presets/flycapture/2.9.3.43-1.2/flycapture-2.9.3.43-1.2.jar
7f8d04004000-7f8d04007000 r--s 0087c000 08:03 13660725                   /home/atoll/.m2/repository/org/bytedeco/javacpp-presets/opencv/3.1.0-1.2/opencv-3.1.0-1.2-linux-x86_64.jar
7f8d04007000-7f8d0400b000 r--s 00043000 08:03 13660721                   /home/atoll/.m2/repository/org/bytedeco/javacpp/1.2/javacpp-1.2.jar
7f8d0400b000-7f8d04058000 rw-p 00000000 00:00 0 
7f8d04058000-7f8d04226000 r--s 03bf0000 08:02 682686                     /usr/lib/jvm/java-8-openjdk/jre/lib/rt.jar
7f8d04226000-7f8d04dfe000 rw-p 00000000 00:00 0 
7f8d04dfe000-7f8d04dff000 ---p 00000000 00:00 0 
7f8d04dff000-7f8d04eff000 rw-p 00000000 00:00 0 
7f8d04eff000-7f8d04f00000 ---p 00000000 00:00 0 
7f8d04f00000-7f8d05000000 rw-p 00000000 00:00 0 
7f8d05000000-7f8d053e0000 rwxp 00000000 00:00 0 
7f8d053e0000-7f8d14000000 ---p 00000000 00:00 0 
7f8d14000000-7f8d14a44000 rw-p 00000000 00:00 0 
7f8d14a44000-7f8d18000000 ---p 00000000 00:00 0 
7f8d18000000-7f8d18005000 r--s 00056000 08:03 13660717                   /home/atoll/.m2/repository/org/bytedeco/javacv/1.2/javacv-1.2.jar
7f8d18005000-7f8d18009000 r--s 00017000 08:03 14043884                   /home/atoll/.m2/repository/org/deeplearning4j/rl4j/rl4j-core/0.5.0-SNAPSHOT/rl4j-core-0.5.0-SNAPSHOT.jar
7f8d18009000-7f8d180c1000 rw-p 00000000 00:00 0 
7f8d180c1000-7f8d180c2000 ---p 00000000 00:00 0 
7f8d180c2000-7f8d181c2000 rw-p 00000000 00:00 0 
7f8d181c2000-7f8d181c3000 ---p 00000000 00:00 0 
7f8d181c3000-7f8d182ed000 rw-p 00000000 00:00 0 
7f8d182ed000-7f8d18553000 ---p 00000000 00:00 0 
7f8d18553000-7f8d1857d000 rw-p 00000000 00:00 0 
7f8d1857d000-7f8d187e3000 ---p 00000000 00:00 0 
7f8d187e3000-7f8d18807000 rw-p 00000000 00:00 0 
7f8d18807000-7f8d1892b000 ---p 00000000 00:00 0 
7f8d1892b000-7f8d1893c000 rw-p 00000000 00:00 0 
7f8d1893c000-7f8d18cec000 ---p 00000000 00:00 0 
7f8d18cec000-7f8d18cf4000 r-xp 00000000 08:02 705910                     /usr/lib/jvm/java-8-openjdk/jre/lib/amd64/libzip.so
7f8d18cf4000-7f8d18ef3000 ---p 00008000 08:02 705910                     /usr/lib/jvm/java-8-openjdk/jre/lib/amd64/libzip.so
7f8d18ef3000-7f8d18ef4000 rw-p 00007000 08:02 705910                     /usr/lib/jvm/java-8-openjdk/jre/lib/amd64/libzip.so
7f8d18ef4000-7f8d18efe000 r-xp 00000000 08:02 527695                     /usr/lib/libnss_files-2.24.so
7f8d18efe000-7f8d190fe000 ---p 0000a000 08:02 527695                     /usr/lib/libnss_files-2.24.so
7f8d190fe000-7f8d190ff000 r--p 0000a000 08:02 527695                     /usr/lib/libnss_files-2.24.so
7f8d190ff000-7f8d19100000 rw-p 0000b000 08:02 527695                     /usr/lib/libnss_files-2.24.so
7f8d19100000-7f8d19106000 rw-p 00000000 00:00 0 
7f8d19106000-7f8d19132000 r-xp 00000000 08:02 705909                     /usr/lib/jvm/java-8-openjdk/jre/lib/amd64/libjava.so
7f8d19132000-7f8d19332000 ---p 0002c000 08:02 705909                     /usr/lib/jvm/java-8-openjdk/jre/lib/amd64/libjava.so
7f8d19332000-7f8d19334000 rw-p 0002c000 08:02 705909                     /usr/lib/jvm/java-8-openjdk/jre/lib/amd64/libjava.so
7f8d19334000-7f8d19341000 r-xp 00000000 08:02 689738                     /usr/lib/jvm/java-8-openjdk/jre/lib/amd64/libverify.so
7f8d19341000-7f8d19540000 ---p 0000d000 08:02 689738                     /usr/lib/jvm/java-8-openjdk/jre/lib/amd64/libverify.so
7f8d19540000-7f8d19542000 rw-p 0000c000 08:02 689738                     /usr/lib/jvm/java-8-openjdk/jre/lib/amd64/libverify.so
7f8d19542000-7f8d19549000 r-xp 00000000 08:02 527703                     /usr/lib/librt-2.24.so
7f8d19549000-7f8d19748000 ---p 00007000 08:02 527703                     /usr/lib/librt-2.24.so
7f8d19748000-7f8d19749000 r--p 00006000 08:02 527703                     /usr/lib/librt-2.24.so
7f8d19749000-7f8d1974a000 rw-p 00007000 08:02 527703                     /usr/lib/librt-2.24.so
7f8d1974a000-7f8d1984d000 r-xp 00000000 08:02 527700                     /usr/lib/libm-2.24.so
7f8d1984d000-7f8d19a4c000 ---p 00103000 08:02 527700                     /usr/lib/libm-2.24.so
7f8d19a4c000-7f8d19a4d000 r--p 00102000 08:02 527700                     /usr/lib/libm-2.24.so
7f8d19a4d000-7f8d19a4e000 rw-p 00103000 08:02 527700                     /usr/lib/libm-2.24.so
7f8d19a4e000-7f8d1a6ae000 r-xp 00000000 08:02 753633                     /usr/lib/jvm/java-8-openjdk/jre/lib/amd64/server/libjvm.so
7f8d1a6ae000-7f8d1a8ae000 ---p 00c60000 08:02 753633                     /usr/lib/jvm/java-8-openjdk/jre/lib/amd64/server/libjvm.so
7f8d1a8ae000-7f8d1a96a000 rw-p 00c60000 08:02 753633                     /usr/lib/jvm/java-8-openjdk/jre/lib/amd64/server/libjvm.so
7f8d1a96a000-7f8d1a99a000 rw-p 00000000 00:00 0 
7f8d1a99a000-7f8d1ab2f000 r-xp 00000000 08:02 527587                     /usr/lib/libc-2.24.so
7f8d1ab2f000-7f8d1ad2e000 ---p 00195000 08:02 527587                     /usr/lib/libc-2.24.so
7f8d1ad2e000-7f8d1ad32000 r--p 00194000 08:02 527587                     /usr/lib/libc-2.24.so
7f8d1ad32000-7f8d1ad34000 rw-p 00198000 08:02 527587                     /usr/lib/libc-2.24.so
7f8d1ad34000-7f8d1ad38000 rw-p 00000000 00:00 0 
7f8d1ad38000-7f8d1ad3a000 r-xp 00000000 08:02 527699                     /usr/lib/libdl-2.24.so
7f8d1ad3a000-7f8d1af3a000 ---p 00002000 08:02 527699                     /usr/lib/libdl-2.24.so
7f8d1af3a000-7f8d1af3b000 r--p 00002000 08:02 527699                     /usr/lib/libdl-2.24.so
7f8d1af3b000-7f8d1af3c000 rw-p 00003000 08:02 527699                     /usr/lib/libdl-2.24.so
7f8d1af3c000-7f8d1af49000 r-xp 00000000 08:02 753630                     /usr/lib/jvm/java-8-openjdk/jre/lib/amd64/jli/libjli.so
7f8d1af49000-7f8d1b148000 ---p 0000d000 08:02 753630                     /usr/lib/jvm/java-8-openjdk/jre/lib/amd64/jli/libjli.so
7f8d1b148000-7f8d1b149000 rw-p 0000c000 08:02 753630                     /usr/lib/jvm/java-8-openjdk/jre/lib/amd64/jli/libjli.so
7f8d1b149000-7f8d1b15e000 r-xp 00000000 08:02 530609                     /usr/lib/libz.so.1.2.8
7f8d1b15e000-7f8d1b35d000 ---p 00015000 08:02 530609                     /usr/lib/libz.so.1.2.8
7f8d1b35d000-7f8d1b35e000 r--p 00014000 08:02 530609                     /usr/lib/libz.so.1.2.8
7f8d1b35e000-7f8d1b35f000 rw-p 00015000 08:02 530609                     /usr/lib/libz.so.1.2.8
7f8d1b35f000-7f8d1b377000 r-xp 00000000 08:02 527495                     /usr/lib/libpthread-2.24.so
7f8d1b377000-7f8d1b576000 ---p 00018000 08:02 527495                     /usr/lib/libpthread-2.24.so
7f8d1b576000-7f8d1b577000 r--p 00017000 08:02 527495                     /usr/lib/libpthread-2.24.so
7f8d1b577000-7f8d1b578000 rw-p 00018000 08:02 527495                     /usr/lib/libpthread-2.24.so
7f8d1b578000-7f8d1b57c000 rw-p 00000000 00:00 0 
7f8d1b57c000-7f8d1b59f000 r-xp 00000000 08:02 527586                     /usr/lib/ld-2.24.so
7f8d1b59f000-7f8d1b5a0000 r--s 00028000 08:03 13660735                   /home/atoll/.m2/repository/org/bytedeco/javacpp-presets/libdc1394/2.2.4-1.2/libdc1394-2.2.4-1.2-linux-x86_64.jar
7f8d1b5a0000-7f8d1b5a1000 r--s 0003b000 08:03 13660732                   /home/atoll/.m2/repository/org/bytedeco/javacpp-presets/flycapture/2.9.3.43-1.2/flycapture-2.9.3.43-1.2-linux-x86_64.jar
7f8d1b5a1000-7f8d1b5b4000 r--s 00346000 08:02 682685                     /usr/lib/jvm/java-8-openjdk/jre/lib/resources.jar
7f8d1b5b4000-7f8d1b658000 rw-p 00000000 00:00 0 
7f8d1b658000-7f8d1b65b000 ---p 00000000 00:00 0 
7f8d1b65b000-7f8d1b75b000 rw-p 00000000 00:00 0 
7f8d1b75b000-7f8d1b75d000 r--s 00a6e000 08:03 13660727                   /home/atoll/.m2/repository/org/bytedeco/javacpp-presets/ffmpeg/3.0.2-1.2/ffmpeg-3.0.2-1.2-linux-x86_64.jar
7f8d1b75d000-7f8d1b75e000 r--s 00000000 08:02 682573                     /usr/lib/jvm/java-8-openjdk/jre/lib/management-agent.jar
7f8d1b75e000-7f8d1b762000 r--s 00097000 08:02 682683                     /usr/lib/jvm/java-8-openjdk/jre/lib/jsse.jar
7f8d1b762000-7f8d1b763000 r--s 00009000 08:02 729449                     /usr/lib/jvm/java-8-openjdk/jre/lib/jfxswt.jar
7f8d1b763000-7f8d1b766000 r--s 00015000 08:02 682568                     /usr/lib/jvm/java-8-openjdk/jre/lib/jce.jar
7f8d1b766000-7f8d1b76b000 r--s 002f9000 08:02 682672                     /usr/lib/jvm/java-8-openjdk/jre/lib/charsets.jar
7f8d1b76b000-7f8d1b792000 rw-p 00000000 00:00 0 
7f8d1b792000-7f8d1b79a000 rw-s 00000000 00:23 400780                     /tmp/hsperfdata_atoll/15122
7f8d1b79a000-7f8d1b79b000 rw-p 00000000 00:00 0 
7f8d1b79b000-7f8d1b79c000 r--p 00000000 00:00 0 
7f8d1b79c000-7f8d1b79e000 rw-p 00000000 00:00 0 
7f8d1b79e000-7f8d1b79f000 r--p 00022000 08:02 527586                     /usr/lib/ld-2.24.so
7f8d1b79f000-7f8d1b7a0000 rw-p 00023000 08:02 527586                     /usr/lib/ld-2.24.so
7f8d1b7a0000-7f8d1b7a1000 rw-p 00000000 00:00 0 
7ffc12f14000-7ffc12f37000 rw-p 00000000 00:00 0                          [stack]
7ffc12f66000-7ffc12f68000 r--p 00000000 00:00 0                          [vvar]
7ffc12f68000-7ffc12f6a000 r-xp 00000000 00:00 0                          [vdso]
ffffffffff600000-ffffffffff601000 r-xp 00000000 00:00 0                  [vsyscall]

VM Arguments:
jvm_args: -Dvisualvm.id=13472787713432 -Didea.launcher.port=7533 -Didea.launcher.bin.path=/usr/share/intellijidea-ce/bin -Dfile.encoding=UTF-8 
java_command: com.intellij.rt.execution.application.AppMain org.deeplearning4j.rl4j.Compression
java_class_path (initial): /usr/lib/jvm/java-8-openjdk/jre/lib/charsets.jar:/usr/lib/jvm/java-8-openjdk/jre/lib/ext/cldrdata.jar:/usr/lib/jvm/java-8-openjdk/jre/lib/ext/dnsns.jar:/usr/lib/jvm/java-8-openjdk/jre/lib/ext/jaccess.jar:/usr/lib/jvm/java-8-openjdk/jre/lib/ext/jfxrt.jar:/usr/lib/jvm/java-8-openjdk/jre/lib/ext/localedata.jar:/usr/lib/jvm/java-8-openjdk/jre/lib/ext/nashorn.jar:/usr/lib/jvm/java-8-openjdk/jre/lib/ext/sunec.jar:/usr/lib/jvm/java-8-openjdk/jre/lib/ext/sunjce_provider.jar:/usr/lib/jvm/java-8-openjdk/jre/lib/ext/sunpkcs11.jar:/usr/lib/jvm/java-8-openjdk/jre/lib/ext/zipfs.jar:/usr/lib/jvm/java-8-openjdk/jre/lib/jce.jar:/usr/lib/jvm/java-8-openjdk/jre/lib/jfxswt.jar:/usr/lib/jvm/java-8-openjdk/jre/lib/jsse.jar:/usr/lib/jvm/java-8-openjdk/jre/lib/management-agent.jar:/usr/lib/jvm/java-8-openjdk/jre/lib/resources.jar:/usr/lib/jvm/java-8-openjdk/jre/lib/rt.jar:/home/atoll/rl4j-examples/target/classes:/home/atoll/.m2/repository/org/deeplearning4j/rl4j/rl4j-core/0.5.0-SNAPSHOT/rl4j-core-0.5.0-SNAPSHOT.jar:/home/atoll/.m2/repository/org/bytedeco/javacv/1.2/javacv-1.2.jar:/home/atoll/.m2/repository/org/bytedeco/javacpp/1.2/javacpp-1.2.jar:/home/atoll/.m2/repository/org/bytedeco/javacpp-presets/opencv/3.1.0-1.2/opencv-3.1.0-1.2.jar:/home/atoll/.m2/repository/org/bytedeco/javacpp-presets/opencv/3.1.0-1.2/opencv-3.1.0-1.2-linux-x86_64.jar:/home/atoll/.m2/repository/org/bytedeco/javacpp-presets/ffmpeg/3.0.2-1.2/ffmpeg-3.0.2-1.2.jar:/home/atoll/.m2/repository/org/bytedeco/javacpp-presets/ffmpeg/3.0.2-1.2/ffmpeg-3.0.2-1.2-linux-x86_64.jar:/home/atoll/.m2/repository/org/bytedeco/javacpp-presets/flycapture/2.9.3.43-1.2/flycapture-2.9.3.43-1.2.jar:/home/atoll/.m2/repository/org/bytedeco/javacpp-presets/flycapture/2.9.3.43-1.2/flycapture-2.9.3.43-1.2-linux-x86_64.jar:/home/atoll/.m2/repository/org/bytedeco/javacpp-presets/libdc1394/2.2.4-1.2/libdc1394-2.2.4-1.2.jar:/home/atoll/.m2/repository/org/bytedeco/javacpp-presets/libdc1394/2.2.4-1.2/libdc1394-2.2.4-1.2-lin
Launcher Type: SUN_STANDARD

Environment Variables:
JAVA_HOME=/usr/lib/jvm/java-7-openjdk/bin
PATH=/usr/local/sbin:/usr/local/bin:/usr/bin:/opt/android-sdk/platform-tools:/opt/android-sdk/tools:/usr/lib/jvm/default/bin:/usr/bin/site_perl:/usr/bin/vendor_perl:/usr/bin/core_perl
LD_LIBRARY_PATH=.:
SHELL=/usr/bin/zsh
DISPLAY=:0

Signal Handlers:
SIGSEGV: [libjvm.so+0xa64890], sa_mask[0]=11111111011111111101111111111110, sa_flags=SA_RESTART|SA_SIGINFO
SIGBUS: [libjvm.so+0xa64890], sa_mask[0]=11111111011111111101111111111110, sa_flags=SA_RESTART|SA_SIGINFO
SIGFPE: [libjvm.so+0x8afab0], sa_mask[0]=11111111011111111101111111111110, sa_flags=SA_RESTART|SA_SIGINFO
SIGPIPE: [libjvm.so+0x8afab0], sa_mask[0]=11111111011111111101111111111110, sa_flags=SA_RESTART|SA_SIGINFO
SIGXFSZ: [libjvm.so+0x8afab0], sa_mask[0]=11111111011111111101111111111110, sa_flags=SA_RESTART|SA_SIGINFO
SIGILL: [libjvm.so+0x8afab0], sa_mask[0]=11111111011111111101111111111110, sa_flags=SA_RESTART|SA_SIGINFO
SIGUSR1: SIG_DFL, sa_mask[0]=00000000000000000000000000000000, sa_flags=none
SIGUSR2: [libjvm.so+0x8af960], sa_mask[0]=00100000000000000000000000000000, sa_flags=SA_RESTART|SA_SIGINFO
SIGHUP: [libjvm.so+0x8afe10], sa_mask[0]=11111111011111111101111111111110, sa_flags=SA_RESTART|SA_SIGINFO
SIGINT: [libjvm.so+0x8afe10], sa_mask[0]=11111111011111111101111111111110, sa_flags=SA_RESTART|SA_SIGINFO
SIGTERM: [libjvm.so+0x8afe10], sa_mask[0]=11111111011111111101111111111110, sa_flags=SA_RESTART|SA_SIGINFO
SIGQUIT: [libjvm.so+0x8afe10], sa_mask[0]=11111111011111111101111111111110, sa_flags=SA_RESTART|SA_SIGINFO


---------------  S Y S T E M  ---------------

OS:LSB_VERSION=1.4
DISTRIB_ID=Arch
DISTRIB_RELEASE=rolling
DISTRIB_DESCRIPTION="Arch Linux"

uname:Linux 4.7.0-1-ARCH #1 SMP PREEMPT Mon Aug 8 22:05:58 CEST 2016 x86_64
libc:glibc 2.24 NPTL 2.24 
rlimit: STACK 8192k, CORE infinity, NPROC 31156, NOFILE 4096, AS infinity
load average:1.08 0.54 0.44

/proc/meminfo:
MemTotal:        8057000 kB
MemFree:         1929800 kB
MemAvailable:    2524688 kB
Buffers:           89956 kB
Cached:          1393068 kB
SwapCached:            0 kB
Active:          4935720 kB
Inactive:         834220 kB
Active(anon):    4468548 kB
Inactive(anon):   517700 kB
Active(file):     467172 kB
Inactive(file):   316520 kB
Unevictable:           0 kB
Mlocked:               0 kB
SwapTotal:             0 kB
SwapFree:              0 kB
Dirty:             25016 kB
Writeback:             0 kB
AnonPages:       4113948 kB
Mapped:           524124 kB
Shmem:            699332 kB
Slab:             218236 kB
SReclaimable:      61024 kB
SUnreclaim:       157212 kB
KernelStack:       10944 kB
PageTables:        51580 kB
NFS_Unstable:          0 kB
Bounce:                0 kB
WritebackTmp:          0 kB
CommitLimit:     4028500 kB
Committed_AS:   11778268 kB
VmallocTotal:   34359738367 kB
VmallocUsed:           0 kB
VmallocChunk:          0 kB
HardwareCorrupted:     0 kB
AnonHugePages:   1794048 kB
HugePages_Total:       0
HugePages_Free:        0
HugePages_Rsvd:        0
HugePages_Surp:        0
Hugepagesize:       2048 kB
DirectMap4k:      254256 kB
DirectMap2M:     8011776 kB
DirectMap1G:     1048576 kB


CPU:total 4 (2 cores per cpu, 2 threads per core) family 6 model 69 stepping 1, cmov, cx8, fxsr, mmx, sse, sse2, sse3, ssse3, sse4.1, sse4.2, popcnt, avx, avx2, aes, clmul, erms, rtm, lzcnt, ht, tsc, tscinvbit, bmi1, bmi2

/proc/cpuinfo:
processor	: 0
vendor_id	: GenuineIntel
cpu family	: 6
model		: 69
model name	: Intel(R) Core(TM) i5-4300U CPU @ 1.90GHz
stepping	: 1
microcode	: 0x17
cpu MHz		: 2604.827
cache size	: 3072 KB
physical id	: 0
siblings	: 4
core id		: 0
cpu cores	: 2
apicid		: 0
initial apicid	: 0
fpu		: yes
fpu_exception	: yes
cpuid level	: 13
wp		: yes
flags		: fpu vme de pse tsc msr pae mce cx8 apic sep mtrr pge mca cmov pat pse36 clflush dts acpi mmx fxsr sse sse2 ss ht tm pbe syscall nx pdpe1gb rdtscp lm constant_tsc arch_perfmon pebs bts rep_good nopl xtopology nonstop_tsc aperfmperf eagerfpu pni pclmulqdq dtes64 monitor ds_cpl vmx smx est tm2 ssse3 sdbg fma cx16 xtpr pdcm pcid sse4_1 sse4_2 x2apic movbe popcnt tsc_deadline_timer aes xsave avx f16c rdrand lahf_lm abm epb tpr_shadow vnmi flexpriority ept vpid fsgsbase tsc_adjust bmi1 hle avx2 smep bmi2 erms invpcid rtm xsaveopt dtherm ida arat pln pts
bugs		:
bogomips	: 4990.42
clflush size	: 64
cache_alignment	: 64
address sizes	: 39 bits physical, 48 bits virtual
power management:

processor	: 1
vendor_id	: GenuineIntel
cpu family	: 6
model		: 69
model name	: Intel(R) Core(TM) i5-4300U CPU @ 1.90GHz
stepping	: 1
microcode	: 0x17
cpu MHz		: 2679.443
cache size	: 3072 KB
physical id	: 0
siblings	: 4
core id		: 0
cpu cores	: 2
apicid		: 1
initial apicid	: 1
fpu		: yes
fpu_exception	: yes
cpuid level	: 13
wp		: yes
flags		: fpu vme de pse tsc msr pae mce cx8 apic sep mtrr pge mca cmov pat pse36 clflush dts acpi mmx fxsr sse sse2 ss ht tm pbe syscall nx pdpe1gb rdtscp lm constant_tsc arch_perfmon pebs bts rep_good nopl xtopology nonstop_tsc aperfmperf eagerfpu pni pclmulqdq dtes64 monitor ds_cpl vmx smx est tm2 ssse3 sdbg fma cx16 xtpr pdcm pcid sse4_1 sse4_2 x2apic movbe popcnt tsc_deadline_timer aes xsave avx f16c rdrand lahf_lm abm epb tpr_shadow vnmi flexpriority ept vpid fsgsbase tsc_adjust bmi1 hle avx2 smep bmi2 erms invpcid rtm xsaveopt dtherm ida arat pln pts
bugs		:
bogomips	: 4993.15
clflush size	: 64
cache_alignment	: 64
address sizes	: 39 bits physical, 48 bits virtual
power management:

processor	: 2
vendor_id	: GenuineIntel
cpu family	: 6
model		: 69
model name	: Intel(R) Core(TM) i5-4300U CPU @ 1.90GHz
stepping	: 1
microcode	: 0x17
cpu MHz		: 2599.945
cache size	: 3072 KB
physical id	: 0
siblings	: 4
core id		: 1
cpu cores	: 2
apicid		: 2
initial apicid	: 2
fpu		: yes
fpu_exception	: yes
cpuid level	: 13
wp		: yes
flags		: fpu vme de pse tsc msr pae mce cx8 apic sep mtrr pge mca cmov pat pse36 clflush dts acpi mmx fxsr sse sse2 ss ht tm pbe syscall nx pdpe1gb rdtscp lm constant_tsc arch_perfmon pebs bts rep_good nopl xtopology nonstop_tsc aperfmperf eagerfpu pni pclmulqdq dtes64 monitor ds_cpl vmx smx est tm2 ssse3 sdbg fma cx16 xtpr pdcm pcid sse4_1 sse4_2 x2apic movbe popcnt tsc_deadline_timer aes xsave avx f16c rdrand lahf_lm abm epb tpr_shadow vnmi flexpriority ept vpid fsgsbase tsc_adjust bmi1 hle avx2 smep bmi2 erms invpcid rtm xsaveopt dtherm ida arat pln pts
bugs		:
bogomips	: 4992.19
clflush size	: 64
cache_alignment	: 64
address sizes	: 39 bits physical, 48 bits virtual
power management:

processor	: 3
vendor_id	: GenuineIntel
cpu family	: 6
model		: 69
model name	: Intel(R) Core(TM) i5-4300U CPU @ 1.90GHz
stepping	: 1
microcode	: 0x17
cpu MHz		: 2599.945
cache size	: 3072 KB
physical id	: 0
siblings	: 4
core id		: 1
cpu cores	: 2
apicid		: 3
initial apicid	: 3
fpu		: yes
fpu_exception	: yes
cpuid level	: 13
wp		: yes
flags		: fpu vme de pse tsc msr pae mce cx8 apic sep mtrr pge mca cmov pat pse36 clflush dts acpi mmx fxsr sse sse2 ss ht tm pbe syscall nx pdpe1gb rdtscp lm constant_tsc arch_perfmon pebs bts rep_good nopl xtopology nonstop_tsc aperfmperf eagerfpu pni pclmulqdq dtes64 monitor ds_cpl vmx smx est tm2 ssse3 sdbg fma cx16 xtpr pdcm pcid sse4_1 sse4_2 x2apic movbe popcnt tsc_deadline_timer aes xsave avx f16c rdrand lahf_lm abm epb tpr_shadow vnmi flexpriority ept vpid fsgsbase tsc_adjust bmi1 hle avx2 smep bmi2 erms invpcid rtm xsaveopt dtherm ida arat pln pts
bugs		:
bogomips	: 4992.28
clflush size	: 64
cache_alignment	: 64
address sizes	: 39 bits physical, 48 bits virtual
power management:



Memory: 4k page, physical 8057000k(1929800k free), swap 0k(0k free)

vm_info: OpenJDK 64-Bit Server VM (25.102-b14) for linux-amd64 JRE (1.8.0_102-b14), built on Jul 27 2016 07:46:42 by "builduser" with gcc 6.1.1 20160707

time: Sat Aug 13 14:32:51 2016
elapsed time: 1 seconds (0d 0h 0m 1s)

