#
# A fatal error has been detected by the Java Runtime Environment:
#
#  SIGSEGV (0xb) at pc=0x00007f53c2a23720, pid=17152, tid=0x00007f542a025700
#
# JRE version: OpenJDK Runtime Environment (8.0_102-b14) (build 1.8.0_102-b14)
# Java VM: OpenJDK 64-Bit Server VM (25.102-b14 mixed mode linux-amd64 compressed oops)
# Problematic frame:
# C  [libopencv_core.so.3.1+0x106720]
#
# Core dump written. Default location: /home/atoll/rl4j-examples/core or core.17152
#
# If you would like to submit a bug report, please visit:
#   http://bugreport.java.com/bugreport/crash.jsp
# The crash happened outside the Java Virtual Machine in native code.
# See problematic frame for where to report the bug.
#

---------------  T H R E A D  ---------------

Current thread (0x00007f542400d000):  JavaThread "main" [_thread_in_native, id=17154, stack(0x00007f5429f25000,0x00007f542a026000)]

siginfo: si_signo: 11 (SIGSEGV), si_code: 2 (SEGV_ACCERR), si_addr: 0x00007f5425e62000

Registers:
RAX=0x00000000000044fc, RBX=0x0000000000007530, RCX=0x0000000000000000, RDX=0x00007f5425e5ed6c
RSP=0x00007f542a023cd8, RBP=0x0000000000007530, RSI=0x000000000000752d, RDI=0x00007f5425e50c10
R8 =0x00007f5425e5a870, R9 =0x000000000000012c, R10=0x0000000100000000, R11=0x0000000000000000
R12=0x0000000000007530, R13=0x000000000001d4c0, R14=0x0000000000000000, R15=0x0000000000000000
RIP=0x00007f53c2a23720, EFLAGS=0x0000000000010202, CSGSFS=0x002b000000000033, ERR=0x0000000000000004
  TRAPNO=0x000000000000000e

Top of Stack: (sp=0x00007f542a023cd8)
0x00007f542a023cd8:   00007f5425c7ccd0 00007f53c2a236b0
0x00007f542a023ce8:   00007f542a023ee0 0000000000000003
0x00007f542a023cf8:   0000000000000010 0000000000000001
0x00007f542a023d08:   00007f53c2a2f754 00007f542a023d90
0x00007f542a023d18:   00007f542a023d50 00007f542a023e70
0x00007f542a023d28:   00007f542a023e30 00007f542a023dd0
0x00007f542a023d38:   00007f542434f870 00007f542400d000
0x00007f542a023d48:   00007f542400d000 3ff0000000000000
0x00007f542a023d58:   0000000000000000 00007f5425c7ccd0
0x00007f542a023d68:   00007f542a023da0 00007f540000000e
0x00007f542a023d78:   00007f54d9fe8008 00007f542400d000
0x00007f542a023d88:   0000000000000000 0000000100007530
0x00007f542a023d98:   00007f5425a3d480 00007f5429186da8
0x00007f542a023da8:   00007f5429ea7d50 0000000025a3d480
0x00007f542a023db8:   00007f540000000e 00007f542a023ca0
0x00007f542a023dc8:   00007f542a023e40 0000000242ff4015
0x00007f542a023dd8:   0000006400000064 00007f5425e50c10
0x00007f542a023de8:   00007f5425e50c10 00007f5425e6e0d0
0x00007f542a023df8:   00007f5425e6e0d0 0000000000000000
0x00007f542a023e08:   0000000000000000 00007f542a023dd8
0x00007f542a023e18:   00007f542a023e20 00000000000004b0
0x00007f542a023e28:   000000000000000c 0000000242ff4010
0x00007f542a023e38:   0000006400000064 00007f5425e5a870
0x00007f542a023e48:   00007f5425e5a870 00007f5425e61da0
0x00007f542a023e58:   00007f5425e61da0 0000000000000000
0x00007f542a023e68:   00007f5425c7cdb0 00007f542a023e38
0x00007f542a023e78:   00007f542a023e80 000000000000012c
0x00007f542a023e88:   0000000000000003 00007f542a023f20
0x00007f542a023e98:   00007f542400d1e0 00007f542a023fc8
0x00007f542a023ea8:   0000000000000000 00007f5425c7ccd0
0x00007f542a023eb8:   0000000000000010 00007f5425c7cd40
0x00007f542a023ec8:   00007f53c20830c8 0000000000000000 

Instructions: (pc=0x00007f53c2a23720)
0x00007f53c2a23700:   29 da 4e 8d 2c a5 00 00 00 00 49 83 c2 01 66 90
0x00007f53c2a23710:   85 f6 0f 8e 9e 00 00 00 4c 89 c2 31 c0 0f 1f 00
0x00007f53c2a23720:   f3 0f 10 04 87 f3 44 0f 2d f0 f3 0f 10 44 87 04
0x00007f53c2a23730:   f3 0f 2d c8 45 85 f6 41 0f 9f c7 41 f7 df 41 81 

Register to memory mapping:

RAX=0x00000000000044fc is an unknown value
RBX=0x0000000000007530 is an unknown value
RCX=0x0000000000000000 is an unknown value
RDX=0x00007f5425e5ed6c is an unknown value
RSP=0x00007f542a023cd8 is pointing into the stack for thread: 0x00007f542400d000
RBP=0x0000000000007530 is an unknown value
RSI=0x000000000000752d is an unknown value
RDI=0x00007f5425e50c10 is an unknown value
R8 =0x00007f5425e5a870 is an unknown value
R9 =0x000000000000012c is an unknown value
R10=0x0000000100000000 is pointing into metadata
R11=0x0000000000000000 is an unknown value
R12=0x0000000000007530 is an unknown value
R13=0x000000000001d4c0 is an unknown value
R14=0x0000000000000000 is an unknown value
R15=0x0000000000000000 is an unknown value


Stack: [0x00007f5429f25000,0x00007f542a026000],  sp=0x00007f542a023cd8,  free space=1019k
Native frames: (J=compiled Java code, j=interpreted, Vv=VM code, C=native code)
C  [libopencv_core.so.3.1+0x106720]

Java frames: (J=compiled Java code, j=interpreted, Vv=VM code)
j  org.bytedeco.javacpp.opencv_core$Mat.convertTo(Lorg/bytedeco/javacpp/opencv_core$Mat;I)V+0
j  org.deeplearning4j.rl4j.learning.HistoryProcessor.record(Lorg/nd4j/linalg/api/ndarray/INDArray;)V+69
j  org.deeplearning4j.rl4j.learning.Learning.initMdp(Lorg/deeplearning4j/rl4j/mdp/MDP;Lorg/deeplearning4j/rl4j/learning/IHistoryProcessor;)Lorg/deeplearning4j/rl4j/learning/Learning$InitMdp;+96
j  org.deeplearning4j.rl4j.learning.Learning.initMdp()Lorg/deeplearning4j/rl4j/learning/Learning$InitMdp;+8
j  org.deeplearning4j.rl4j.learning.sync.qlearning.QLearning.trainEpoch()Lorg/deeplearning4j/rl4j/util/DataManager$StatEntry;+1
j  org.deeplearning4j.rl4j.learning.sync.SyncLearning.train()V+71
j  org.deeplearning4j.rl4j.Memory.memoryQL()V+37
j  org.deeplearning4j.rl4j.Memory.main([Ljava/lang/String;)V+0
v  ~StubRoutines::call_stub
j  sun.reflect.NativeMethodAccessorImpl.invoke0(Ljava/lang/reflect/Method;Ljava/lang/Object;[Ljava/lang/Object;)Ljava/lang/Object;+0
j  sun.reflect.NativeMethodAccessorImpl.invoke(Ljava/lang/Object;[Ljava/lang/Object;)Ljava/lang/Object;+100
j  sun.reflect.DelegatingMethodAccessorImpl.invoke(Ljava/lang/Object;[Ljava/lang/Object;)Ljava/lang/Object;+6
j  java.lang.reflect.Method.invoke(Ljava/lang/Object;[Ljava/lang/Object;)Ljava/lang/Object;+56
j  com.intellij.rt.execution.application.AppMain.main([Ljava/lang/String;)V+170
v  ~StubRoutines::call_stub

---------------  P R O C E S S  ---------------

Java Threads: ( => current thread )
  0x00007f542450b800 JavaThread "Monitor Ctrl-Break" daemon [_thread_in_native, id=17176, stack(0x00007f540cddd000,0x00007f540cede000)]
  0x00007f54240c3000 JavaThread "Service Thread" daemon [_thread_blocked, id=17174, stack(0x00007f540d258000,0x00007f540d359000)]
  0x00007f54240c0000 JavaThread "C1 CompilerThread2" daemon [_thread_blocked, id=17173, stack(0x00007f540d359000,0x00007f540d45a000)]
  0x00007f54240be000 JavaThread "C2 CompilerThread1" daemon [_thread_blocked, id=17172, stack(0x00007f540d45a000,0x00007f540d55b000)]
  0x00007f54240bb800 JavaThread "C2 CompilerThread0" daemon [_thread_blocked, id=17171, stack(0x00007f540d55b000,0x00007f540d65c000)]
  0x00007f54240ba000 JavaThread "Signal Dispatcher" daemon [_thread_blocked, id=17170, stack(0x00007f540d65c000,0x00007f540d75d000)]
  0x00007f5424087000 JavaThread "Finalizer" daemon [_thread_blocked, id=17163, stack(0x00007f540d8f6000,0x00007f540d9f7000)]
  0x00007f5424082000 JavaThread "Reference Handler" daemon [_thread_blocked, id=17162, stack(0x00007f540d9f7000,0x00007f540daf8000)]
=>0x00007f542400d000 JavaThread "main" [_thread_in_native, id=17154, stack(0x00007f5429f25000,0x00007f542a026000)]

Other Threads:
  0x00007f542407a800 VMThread [stack: 0x00007f540daf8000,0x00007f540dbf9000] [id=17159]
  0x00007f54240c5800 WatcherThread [stack: 0x00007f540d157000,0x00007f540d258000] [id=17175]

VM state:not at safepoint (normal execution)

VM Mutex/Monitor currently owned by a thread: None

Heap:
 PSYoungGen      total 68608K, used 55112K [0x00000000d7000000, 0x00000000df600000, 0x0000000100000000)
  eden space 63488K, 78% used [0x00000000d7000000,0x00000000da0d9b18,0x00000000dae00000)
  from space 5120K, 99% used [0x00000000dae00000,0x00000000db2f88d0,0x00000000db300000)
  to   space 5120K, 0% used [0x00000000df100000,0x00000000df100000,0x00000000df600000)
 ParOldGen       total 84992K, used 2420K [0x0000000085000000, 0x000000008a300000, 0x00000000d7000000)
  object space 84992K, 2% used [0x0000000085000000,0x000000008525d210,0x000000008a300000)
 Metaspace       used 17457K, capacity 17615K, committed 17920K, reserved 1064960K
  class space    used 1921K, capacity 1999K, committed 2048K, reserved 1048576K

Card table byte_map: [0x00007f5413e09000,0x00007f54141e2000] byte_map_base: 0x00007f54139e1000

Marking Bits: (ParMarkBitMap*) 0x00007f542924a860
 Begin Bits: [0x00007f540f9f5000, 0x00007f54118b5000)
 End Bits:   [0x00007f54118b5000, 0x00007f5413775000)

Polling page: 0x00007f542a068000

CodeCache: size=245760Kb used=4462Kb max_used=4467Kb free=241297Kb
 bounds [0x00007f54145a2000, 0x00007f5414a12000, 0x00007f54235a2000]
 total_blobs=1723 nmethods=1165 adapters=473
 compilation: enabled

Compilation events (10 events):
Event: 3.346 Thread 0x00007f54240bb800 1164       4       org.nd4j.linalg.api.buffer.BaseDataBuffer::getDouble (187 bytes)
Event: 3.346 Thread 0x00007f54240c0000 nmethod 1156 0x00007f54149f7650 code [0x00007f54149f77c0, 0x00007f54149f7a18]
Event: 3.346 Thread 0x00007f54240c0000 1157       2       org.bytedeco.javacpp.indexer.UnsafeRaw::getFloat (8 bytes)
Event: 3.346 Thread 0x00007f54240c0000 nmethod 1157 0x00007f54149f7310 code [0x00007f54149f7460, 0x00007f54149f75b0]
Event: 3.346 Thread 0x00007f54240c0000 1159       2       org.bytedeco.javacpp.indexer.UByteRawIndexer::put (23 bytes)
Event: 3.347 Thread 0x00007f54240c0000 nmethod 1159 0x00007f54149fc6d0 code [0x00007f54149fc840, 0x00007f54149fca98]
Event: 3.348 Thread 0x00007f54240bb800 nmethod 1164 0x00007f54149fc210 code [0x00007f54149fc380, 0x00007f54149fc4f8]
Event: 3.351 Thread 0x00007f54240c0000 1165       3       org.nd4j.context.Nd4jContext::getInstance (20 bytes)
Event: 3.351 Thread 0x00007f54240c0000 nmethod 1165 0x00007f54149fbd10 code [0x00007f54149fbe80, 0x00007f54149fc130]
Event: 3.351 Thread 0x00007f54240c0000 1166       3       org.nd4j.context.Nd4jContext::getConf (33 bytes)

GC Heap History (6 events):
Event: 0.742 GC heap before
{Heap before GC invocations=1 (full 0):
 PSYoungGen      total 36864K, used 31744K [0x00000000d7000000, 0x00000000d9900000, 0x0000000100000000)
  eden space 31744K, 100% used [0x00000000d7000000,0x00000000d8f00000,0x00000000d8f00000)
  from space 5120K, 0% used [0x00000000d9400000,0x00000000d9400000,0x00000000d9900000)
  to   space 5120K, 0% used [0x00000000d8f00000,0x00000000d8f00000,0x00000000d9400000)
 ParOldGen       total 84992K, used 0K [0x0000000085000000, 0x000000008a300000, 0x00000000d7000000)
  object space 84992K, 0% used [0x0000000085000000,0x0000000085000000,0x000000008a300000)
 Metaspace       used 6103K, capacity 6208K, committed 6400K, reserved 1056768K
  class space    used 648K, capacity 688K, committed 768K, reserved 1048576K
Event: 0.750 GC heap after
Heap after GC invocations=1 (full 0):
 PSYoungGen      total 36864K, used 3025K [0x00000000d7000000, 0x00000000db800000, 0x0000000100000000)
  eden space 31744K, 0% used [0x00000000d7000000,0x00000000d7000000,0x00000000d8f00000)
  from space 5120K, 59% used [0x00000000d8f00000,0x00000000d91f4760,0x00000000d9400000)
  to   space 5120K, 0% used [0x00000000db300000,0x00000000db300000,0x00000000db800000)
 ParOldGen       total 84992K, used 8K [0x0000000085000000, 0x000000008a300000, 0x00000000d7000000)
  object space 84992K, 0% used [0x0000000085000000,0x0000000085002000,0x000000008a300000)
 Metaspace       used 6103K, capacity 6208K, committed 6400K, reserved 1056768K
  class space    used 648K, capacity 688K, committed 768K, reserved 1048576K
}
Event: 1.208 GC heap before
{Heap before GC invocations=2 (full 0):
 PSYoungGen      total 36864K, used 34769K [0x00000000d7000000, 0x00000000db800000, 0x0000000100000000)
  eden space 31744K, 100% used [0x00000000d7000000,0x00000000d8f00000,0x00000000d8f00000)
  from space 5120K, 59% used [0x00000000d8f00000,0x00000000d91f4760,0x00000000d9400000)
  to   space 5120K, 0% used [0x00000000db300000,0x00000000db300000,0x00000000db800000)
 ParOldGen       total 84992K, used 8K [0x0000000085000000, 0x000000008a300000, 0x00000000d7000000)
  object space 84992K, 0% used [0x0000000085000000,0x0000000085002000,0x000000008a300000)
 Metaspace       used 9041K, capacity 9120K, committed 9216K, reserved 1056768K
  class space    used 949K, capacity 976K, committed 1024K, reserved 1048576K
Event: 1.223 GC heap after
Heap after GC invocations=2 (full 0):
 PSYoungGen      total 68608K, used 3649K [0x00000000d7000000, 0x00000000db800000, 0x0000000100000000)
  eden space 63488K, 0% used [0x00000000d7000000,0x00000000d7000000,0x00000000dae00000)
  from space 5120K, 71% used [0x00000000db300000,0x00000000db690558,0x00000000db800000)
  to   space 5120K, 0% used [0x00000000dae00000,0x00000000dae00000,0x00000000db300000)
 ParOldGen       total 84992K, used 8K [0x0000000085000000, 0x000000008a300000, 0x00000000d7000000)
  object space 84992K, 0% used [0x0000000085000000,0x0000000085002000,0x000000008a300000)
 Metaspace       used 9041K, capacity 9120K, committed 9216K, reserved 1056768K
  class space    used 949K, capacity 976K, committed 1024K, reserved 1048576K
}
Event: 2.327 GC heap before
{Heap before GC invocations=3 (full 0):
 PSYoungGen      total 68608K, used 67137K [0x00000000d7000000, 0x00000000db800000, 0x0000000100000000)
  eden space 63488K, 100% used [0x00000000d7000000,0x00000000dae00000,0x00000000dae00000)
  from space 5120K, 71% used [0x00000000db300000,0x00000000db690558,0x00000000db800000)
  to   space 5120K, 0% used [0x00000000dae00000,0x00000000dae00000,0x00000000db300000)
 ParOldGen       total 84992K, used 8K [0x0000000085000000, 0x000000008a300000, 0x00000000d7000000)
  object space 84992K, 0% used [0x0000000085000000,0x0000000085002000,0x000000008a300000)
 Metaspace       used 13556K, capacity 13769K, committed 13952K, reserved 1060864K
  class space    used 1467K, capacity 1550K, committed 1664K, reserved 1048576K
Event: 2.342 GC heap after
Heap after GC invocations=3 (full 0):
 PSYoungGen      total 68608K, used 5090K [0x00000000d7000000, 0x00000000df600000, 0x0000000100000000)
  eden space 63488K, 0% used [0x00000000d7000000,0x00000000d7000000,0x00000000dae00000)
  from space 5120K, 99% used [0x00000000dae00000,0x00000000db2f88d0,0x00000000db300000)
  to   space 5120K, 0% used [0x00000000df100000,0x00000000df100000,0x00000000df600000)
 ParOldGen       total 84992K, used 2420K [0x0000000085000000, 0x000000008a300000, 0x00000000d7000000)
  object space 84992K, 2% used [0x0000000085000000,0x000000008525d210,0x000000008a300000)
 Metaspace       used 13556K, capacity 13769K, committed 13952K, reserved 1060864K
  class space    used 1467K, capacity 1550K, committed 1664K, reserved 1048576K
}

Deoptimization events (10 events):
Event: 1.203 Thread 0x00007f542400d000 Uncommon trap: reason=unstable_if action=reinterpret pc=0x00007f54147f3308 method=java.io.File.getName()Ljava/lang/String; @ 16
Event: 1.203 Thread 0x00007f542400d000 Uncommon trap: reason=unstable_if action=reinterpret pc=0x00007f54147db3b4 method=java.io.File.getName()Ljava/lang/String; @ 16
Event: 1.411 Thread 0x00007f542400d000 Uncommon trap: reason=unstable_if action=reinterpret pc=0x00007f54147d4d04 method=java.lang.String.lastIndexOf([CII[CIII)I @ 118
Event: 1.785 Thread 0x00007f542400d000 Uncommon trap: reason=class_check action=maybe_recompile pc=0x00007f54148ddfc0 method=java.io.BufferedInputStream.read([BII)I @ 101
Event: 1.785 Thread 0x00007f542400d000 Uncommon trap: reason=class_check action=maybe_recompile pc=0x00007f54148ddfc0 method=java.io.BufferedInputStream.read([BII)I @ 101
Event: 1.786 Thread 0x00007f542400d000 Uncommon trap: reason=class_check action=maybe_recompile pc=0x00007f54148ddfc0 method=java.io.BufferedInputStream.read([BII)I @ 101
Event: 1.786 Thread 0x00007f542400d000 Uncommon trap: reason=class_check action=maybe_recompile pc=0x00007f54148ddfc0 method=java.io.BufferedInputStream.read([BII)I @ 101
Event: 2.483 Thread 0x00007f542400d000 Uncommon trap: reason=unstable_if action=reinterpret pc=0x00007f541493e398 method=org.nd4j.linalg.api.rng.DefaultRandom.nextGaussian(C[I)Lorg/nd4j/linalg/api/ndarray/INDArray; @ 27
Event: 2.630 Thread 0x00007f542400d000 Uncommon trap: reason=predicate action=maybe_recompile pc=0x00007f5414949c38 method=java.util.regex.Pattern$Slice.match(Ljava/util/regex/Matcher;ILjava/lang/CharSequence;)Z @ 21
Event: 2.677 Thread 0x00007f542400d000 Uncommon trap: reason=unstable_if action=reinterpret pc=0x00007f54147e454c method=java.lang.ThreadLocal$ThreadLocalMap.getEntry(Ljava/lang/ThreadLocal;)Ljava/lang/ThreadLocal$ThreadLocalMap$Entry; @ 21

Internal exceptions (10 events):
Event: 0.321 Thread 0x00007f542400d000 Exception <a 'java/io/FileNotFoundException'> (0x00000000d787fc80) thrown at [/build/java8-openjdk/src/jdk8u-jdk8u102-b14/hotspot/src/share/vm/prims/jni.cpp, line 709]
Event: 0.989 Thread 0x00007f542400d000 Implicit null exception at 0x00007f54147e403b to 0x00007f54147e40bd
Event: 1.413 Thread 0x00007f542400d000 Exception <a 'java/security/PrivilegedActionException'> (0x00000000d79cd058) thrown at [/build/java8-openjdk/src/jdk8u-jdk8u102-b14/hotspot/src/share/vm/prims/jvm.cpp, line 1386]
Event: 1.413 Thread 0x00007f542400d000 Exception <a 'java/security/PrivilegedActionException'> (0x00000000d79cd450) thrown at [/build/java8-openjdk/src/jdk8u-jdk8u102-b14/hotspot/src/share/vm/prims/jvm.cpp, line 1386]
Event: 1.520 Thread 0x00007f542400d000 Exception <a 'java/lang/NoSuchFieldError': method resolution failed> (0x00000000d7e3f280) thrown at [/build/java8-openjdk/src/jdk8u-jdk8u102-b14/hotspot/src/share/vm/prims/methodHandles.cpp, line 1146]
Event: 1.537 Thread 0x00007f542400d000 Exception <a 'java/lang/NoSuchFieldError': method resolution failed> (0x00000000d7e4c970) thrown at [/build/java8-openjdk/src/jdk8u-jdk8u102-b14/hotspot/src/share/vm/prims/methodHandles.cpp, line 1146]
Event: 2.557 Thread 0x00007f542400d000 Exception <a 'java/security/PrivilegedActionException'> (0x00000000d756b7d8) thrown at [/build/java8-openjdk/src/jdk8u-jdk8u102-b14/hotspot/src/share/vm/prims/jvm.cpp, line 1386]
Event: 2.557 Thread 0x00007f542400d000 Exception <a 'java/security/PrivilegedActionException'> (0x00000000d756bbd0) thrown at [/build/java8-openjdk/src/jdk8u-jdk8u102-b14/hotspot/src/share/vm/prims/jvm.cpp, line 1386]
Event: 2.677 Thread 0x00007f542400d000 Implicit null exception at 0x00007f54147e44b0 to 0x00007f54147e4531
Event: 2.693 Thread 0x00007f542400d000 Exception <a 'java/lang/ArrayIndexOutOfBoundsException'> (0x00000000d88a83c0) thrown at [/build/java8-openjdk/src/jdk8u-jdk8u102-b14/hotspot/src/share/vm/runtime/sharedRuntime.cpp, line 605]

Events (10 events):
Event: 3.330 loading class org/bytedeco/javacpp/indexer/UByteArrayIndexer
Event: 3.330 loading class org/bytedeco/javacpp/indexer/UByteArrayIndexer done
Event: 3.348 loading class org/nd4j/linalg/compression/CompressionDescriptor
Event: 3.348 loading class org/nd4j/linalg/compression/CompressionDescriptor done
Event: 3.349 loading class org/nd4j/linalg/compression/CompressionType
Event: 3.349 loading class org/nd4j/linalg/compression/CompressionType done
Event: 3.349 loading class org/nd4j/linalg/compression/CompressedDataBuffer
Event: 3.349 loading class org/nd4j/linalg/compression/CompressedDataBuffer done
Event: 3.350 loading class org/deeplearning4j/rl4j/StepReply
Event: 3.350 loading class org/deeplearning4j/rl4j/StepReply done


Dynamic libraries:
00400000-00401000 r-xp 00000000 08:02 753642                             /usr/lib/jvm/java-8-openjdk/jre/bin/java
00600000-00601000 rw-p 00000000 08:02 753642                             /usr/lib/jvm/java-8-openjdk/jre/bin/java
00bcd000-00bee000 rw-p 00000000 00:00 0                                  [heap]
85000000-8a300000 rw-p 00000000 00:00 0 
8a300000-d7000000 ---p 00000000 00:00 0 
d7000000-df600000 rw-p 00000000 00:00 0 
df600000-100000000 ---p 00000000 00:00 0 
100000000-100200000 rw-p 00000000 00:00 0 
100200000-140000000 ---p 00000000 00:00 0 
7f53c1cfc000-7f53c1db6000 r-xp 00000000 00:23 548921                     /tmp/javacpp16121248678676/libjniopencv_imgproc.so
7f53c1db6000-7f53c1fb5000 ---p 000ba000 00:23 548921                     /tmp/javacpp16121248678676/libjniopencv_imgproc.so
7f53c1fb5000-7f53c1fb6000 r--p 000b9000 00:23 548921                     /tmp/javacpp16121248678676/libjniopencv_imgproc.so
7f53c1fb6000-7f53c1fb7000 rw-p 000ba000 00:23 548921                     /tmp/javacpp16121248678676/libjniopencv_imgproc.so
7f53c1fb7000-7f53c21e6000 r-xp 00000000 00:23 548920                     /tmp/javacpp16121248678676/libjniopencv_core.so
7f53c21e6000-7f53c23e6000 ---p 0022f000 00:23 548920                     /tmp/javacpp16121248678676/libjniopencv_core.so
7f53c23e6000-7f53c23e7000 r--p 0022f000 00:23 548920                     /tmp/javacpp16121248678676/libjniopencv_core.so
7f53c23e7000-7f53c23e9000 rw-p 00230000 00:23 548920                     /tmp/javacpp16121248678676/libjniopencv_core.so
7f53c23e9000-7f53c23ea000 rw-p 00000000 00:00 0 
7f53c23ea000-7f53c2677000 r-xp 00000000 00:23 548919                     /tmp/javacpp16121248678676/libopencv_imgproc.so.3.1
7f53c2677000-7f53c2876000 ---p 0028d000 00:23 548919                     /tmp/javacpp16121248678676/libopencv_imgproc.so.3.1
7f53c2876000-7f53c2880000 r--p 0028c000 00:23 548919                     /tmp/javacpp16121248678676/libopencv_imgproc.so.3.1
7f53c2880000-7f53c2888000 rw-p 00296000 00:23 548919                     /tmp/javacpp16121248678676/libopencv_imgproc.so.3.1
7f53c2888000-7f53c291d000 rw-p 00000000 00:00 0 
7f53c291d000-7f53c2baf000 r-xp 00000000 00:23 548917                     /tmp/javacpp16121248678676/libopencv_core.so.3.1
7f53c2baf000-7f53c2dae000 ---p 00292000 00:23 548917                     /tmp/javacpp16121248678676/libopencv_core.so.3.1
7f53c2dae000-7f53c2db3000 r--p 00291000 00:23 548917                     /tmp/javacpp16121248678676/libopencv_core.so.3.1
7f53c2db3000-7f53c2db5000 rw-p 00296000 00:23 548917                     /tmp/javacpp16121248678676/libopencv_core.so.3.1
7f53c2db5000-7f53c2f38000 rw-p 00000000 00:00 0 
7f53c2f38000-7f53c2fb8000 ---p 00000000 00:00 0 
7f53c2fb8000-7f53c3362000 rw-p 00000000 00:00 0 
7f53c3362000-7f53c3363000 ---p 00000000 00:00 0 
7f53c3363000-7f53c3c00000 rw-p 00000000 00:00 0 
7f53c3c00000-7f53c3e00000 rw-p 00000000 00:00 0 
7f53c3e00000-7f53c4000000 rw-p 00000000 00:00 0 
7f53c4000000-7f53c4200000 rw-p 00000000 00:00 0 
7f53c4200000-7f53c4400000 rw-p 00000000 00:00 0 
7f53c4400000-7f53c4600000 rw-p 00000000 00:00 0 
7f53c4600000-7f53c4800000 rw-p 00000000 00:00 0 
7f53c4800000-7f53c4a00000 rw-p 00000000 00:00 0 
7f53c4a00000-7f53c4e00000 rw-p 00000000 00:00 0 
7f53c4e00000-7f53c5000000 rw-p 00000000 00:00 0 
7f53c5000000-7f53c5200000 rw-p 00000000 00:00 0 
7f53c5200000-7f53c5400000 rw-p 00000000 00:00 0 
7f53c5400000-7f53c5600000 rw-p 00000000 00:00 0 
7f53c5600000-7f53c5800000 rw-p 00000000 00:00 0 
7f53c5800000-7f53c5a00000 rw-p 00000000 00:00 0 
7f53c5a00000-7f53c5c00000 rw-p 00000000 00:00 0 
7f53c5c00000-7f53c5e00000 rw-p 00000000 00:00 0 
7f53c5e00000-7f53c6000000 rw-p 00000000 00:00 0 
7f53c6000000-7f53c6200000 rw-p 00000000 00:00 0 
7f53c6200000-7f53c6400000 rw-p 00000000 00:00 0 
7f53c6400000-7f53c6800000 rw-p 00000000 00:00 0 
7f53c6800000-7f53c6a00000 rw-p 00000000 00:00 0 
7f53c6a00000-7f53c6c00000 rw-p 00000000 00:00 0 
7f53c6c00000-7f53c6e00000 rw-p 00000000 00:00 0 
7f53c6e00000-7f53c6eed000 rw-p 00000000 00:00 0 
7f53c6eed000-7f53c6eee000 ---p 00000000 00:00 0 
7f53c6eee000-7f53c76ee000 rw-p 00000000 00:00 0 
7f53c76ee000-7f53c76ef000 ---p 00000000 00:00 0 
7f53c76ef000-7f53c7eef000 rw-p 00000000 00:00 0 
7f53c7eef000-7f53c7ef0000 ---p 00000000 00:00 0 
7f53c7ef0000-7f53c86f0000 rw-p 00000000 00:00 0 
7f53c86f0000-7f53c86f1000 ---p 00000000 00:00 0 
7f53c86f1000-7f53c8ef1000 rw-p 00000000 00:00 0 
7f53c8ef1000-7f53c8ef2000 ---p 00000000 00:00 0 
7f53c8ef2000-7f53c96f2000 rw-p 00000000 00:00 0 
7f53c96f2000-7f53c96f3000 ---p 00000000 00:00 0 
7f53c96f3000-7f53ca000000 rw-p 00000000 00:00 0 
7f53ca000000-7f53ca200000 rw-p 00000000 00:00 0 
7f53ca200000-7f53ca3b3000 rw-p 00000000 00:00 0 
7f53ca3b3000-7f53cb1e9000 r-xp 00000000 08:02 557959                     /usr/lib/libx265.so.87
7f53cb1e9000-7f53cb3e9000 ---p 00e36000 08:02 557959                     /usr/lib/libx265.so.87
7f53cb3e9000-7f53cb3ec000 r--p 00e36000 08:02 557959                     /usr/lib/libx265.so.87
7f53cb3ec000-7f53cb3ef000 rw-p 00e39000 08:02 557959                     /usr/lib/libx265.so.87
7f53cb3ef000-7f53cb3fc000 rw-p 00000000 00:00 0 
7f53cb3fc000-7f53cb40e000 r-xp 00000000 00:23 547908                     /tmp/javacpp16121248678676/libjniswscale.so
7f53cb40e000-7f53cb60d000 ---p 00012000 00:23 547908                     /tmp/javacpp16121248678676/libjniswscale.so
7f53cb60d000-7f53cb60e000 r--p 00011000 00:23 547908                     /tmp/javacpp16121248678676/libjniswscale.so
7f53cb60e000-7f53cb60f000 rw-p 00012000 00:23 547908                     /tmp/javacpp16121248678676/libjniswscale.so
7f53cb60f000-7f53cb68c000 r-xp 00000000 00:23 547907                     /tmp/javacpp16121248678676/libswscale.so.4
7f53cb68c000-7f53cb88c000 ---p 0007d000 00:23 547907                     /tmp/javacpp16121248678676/libswscale.so.4
7f53cb88c000-7f53cb88d000 r--p 0007d000 00:23 547907                     /tmp/javacpp16121248678676/libswscale.so.4
7f53cb88d000-7f53cb88e000 rw-p 0007e000 00:23 547907                     /tmp/javacpp16121248678676/libswscale.so.4
7f53cb88e000-7f53cb896000 rw-p 00000000 00:00 0 
7f53cb896000-7f53cb910000 r-xp 00000000 00:23 547906                     /tmp/javacpp16121248678676/libjniavformat.so
7f53cb910000-7f53cbb0f000 ---p 0007a000 00:23 547906                     /tmp/javacpp16121248678676/libjniavformat.so
7f53cbb0f000-7f53cbb10000 r--p 00079000 00:23 547906                     /tmp/javacpp16121248678676/libjniavformat.so
7f53cbb10000-7f53cbb11000 rw-p 0007a000 00:23 547906                     /tmp/javacpp16121248678676/libjniavformat.so
7f53cbb11000-7f53cbedc000 r-xp 00000000 00:23 547905                     /tmp/javacpp16121248678676/libavformat.so.57
7f53cbedc000-7f53cc0db000 ---p 003cb000 00:23 547905                     /tmp/javacpp16121248678676/libavformat.so.57
7f53cc0db000-7f53cc10b000 r--p 003ca000 00:23 547905                     /tmp/javacpp16121248678676/libavformat.so.57
7f53cc10b000-7f53cc133000 rw-p 003fa000 00:23 547905                     /tmp/javacpp16121248678676/libavformat.so.57
7f53cc133000-7f53cc137000 rw-p 00000000 00:00 0 
7f53cc137000-7f53cc1b6000 r-xp 00000000 00:23 547904                     /tmp/javacpp16121248678676/libjniavcodec.so
7f53cc1b6000-7f53cc3b5000 ---p 0007f000 00:23 547904                     /tmp/javacpp16121248678676/libjniavcodec.so
7f53cc3b5000-7f53cc3b6000 r--p 0007e000 00:23 547904                     /tmp/javacpp16121248678676/libjniavcodec.so
7f53cc3b6000-7f53cc3b7000 rw-p 0007f000 00:23 547904                     /tmp/javacpp16121248678676/libjniavcodec.so
7f53cc3b7000-7f53cd5f5000 r-xp 00000000 00:23 547903                     /tmp/javacpp16121248678676/libavcodec.so.57
7f53cd5f5000-7f53cd7f5000 ---p 0123e000 00:23 547903                     /tmp/javacpp16121248678676/libavcodec.so.57
7f53cd7f5000-7f53cd828000 r--p 0123e000 00:23 547903                     /tmp/javacpp16121248678676/libavcodec.so.57
7f53cd828000-7f53cd84c000 rw-p 01271000 00:23 547903                     /tmp/javacpp16121248678676/libavcodec.so.57
7f53cd84c000-7f53cdfd0000 rw-p 00000000 00:00 0 
7f53cdfd0000-7f53cdfdc000 r-xp 00000000 00:23 547902                     /tmp/javacpp16121248678676/libjniswresample.so
7f53cdfdc000-7f53ce1db000 ---p 0000c000 00:23 547902                     /tmp/javacpp16121248678676/libjniswresample.so
7f53ce1db000-7f53ce1dc000 r--p 0000b000 00:23 547902                     /tmp/javacpp16121248678676/libjniswresample.so
7f53ce1dc000-7f53ce1dd000 rw-p 0000c000 00:23 547902                     /tmp/javacpp16121248678676/libjniswresample.so
7f53ce1dd000-7f53ce1f5000 r-xp 00000000 00:23 547901                     /tmp/javacpp16121248678676/libswresample.so.2
7f53ce1f5000-7f53ce3f5000 ---p 00018000 00:23 547901                     /tmp/javacpp16121248678676/libswresample.so.2
7f53ce3f5000-7f53ce3f7000 r--p 00018000 00:23 547901                     /tmp/javacpp16121248678676/libswresample.so.2
7f53ce3f7000-7f53ce3f8000 rw-p 0001a000 00:23 547901                     /tmp/javacpp16121248678676/libswresample.so.2
7f53ce3f8000-7f53ce467000 r-xp 00000000 00:23 548916                     /tmp/javacpp16121248678676/libjniavutil.so
7f53ce467000-7f53ce666000 ---p 0006f000 00:23 548916                     /tmp/javacpp16121248678676/libjniavutil.so
7f53ce666000-7f53ce667000 r--p 0006e000 00:23 548916                     /tmp/javacpp16121248678676/libjniavutil.so
7f53ce667000-7f53ce668000 rw-p 0006f000 00:23 548916                     /tmp/javacpp16121248678676/libjniavutil.so
7f53ce668000-7f53ce6b9000 r-xp 00000000 00:23 548915                     /tmp/javacpp16121248678676/libavutil.so.55
7f53ce6b9000-7f53ce8b9000 ---p 00051000 00:23 548915                     /tmp/javacpp16121248678676/libavutil.so.55
7f53ce8b9000-7f53ce8c9000 r--p 00051000 00:23 548915                     /tmp/javacpp16121248678676/libavutil.so.55
7f53ce8c9000-7f53ce8ca000 rw-p 00061000 00:23 548915                     /tmp/javacpp16121248678676/libavutil.so.55
7f53ce8ca000-7f53ce8de000 rw-p 00000000 00:00 0 
7f53ce8de000-7f53ce8ef000 r-xp 00000000 08:02 753623                     /usr/lib/jvm/java-8-openjdk/jre/lib/amd64/libnio.so
7f53ce8ef000-7f53ceaee000 ---p 00011000 08:02 753623                     /usr/lib/jvm/java-8-openjdk/jre/lib/amd64/libnio.so
7f53ceaee000-7f53ceaef000 rw-p 00010000 08:02 753623                     /usr/lib/jvm/java-8-openjdk/jre/lib/amd64/libnio.so
7f53ceaef000-7f53cecef000 rw-p 00000000 00:00 0 
7f53cecef000-7f53d0000000 rw-p 00000000 00:00 0 
7f53d0000000-7f53d0021000 rw-p 00000000 00:00 0 
7f53d0021000-7f53d4000000 ---p 00000000 00:00 0 
7f53d404e000-7f53d404f000 ---p 00000000 00:00 0 
7f53d404f000-7f53d484f000 rw-p 00000000 00:00 0 
7f53d484f000-7f53d4850000 ---p 00000000 00:00 0 
7f53d4850000-7f53d5050000 rw-p 00000000 00:00 0 
7f53d5050000-7f53d5051000 ---p 00000000 00:00 0 
7f53d5051000-7f53d5e26000 rw-p 00000000 00:00 0 
7f53d5e26000-7f53d6026000 rw-p 00000000 00:00 0 
7f53d6026000-7f53d605a000 r-xp 00000000 00:23 547586                     /tmp/javacpp16121248678676/libjnind4j.so
7f53d605a000-7f53d6259000 ---p 00034000 00:23 547586                     /tmp/javacpp16121248678676/libjnind4j.so
7f53d6259000-7f53d625a000 r--p 00033000 00:23 547586                     /tmp/javacpp16121248678676/libjnind4j.so
7f53d625a000-7f53d625b000 rw-p 00034000 00:23 547586                     /tmp/javacpp16121248678676/libjnind4j.so
7f53d625b000-7f53d63d3000 r-xp 00000000 08:02 573910                     /usr/lib/libstdc++.so.6.0.22
7f53d63d3000-7f53d65d3000 ---p 00178000 08:02 573910                     /usr/lib/libstdc++.so.6.0.22
7f53d65d3000-7f53d65dd000 r--p 00178000 08:02 573910                     /usr/lib/libstdc++.so.6.0.22
7f53d65dd000-7f53d65df000 rw-p 00182000 08:02 573910                     /usr/lib/libstdc++.so.6.0.22
7f53d65df000-7f53d65e3000 rw-p 00000000 00:00 0 
7f53d65e3000-7f53d6b3a000 r-xp 00000000 08:02 559428                     /usr/lib/liblapack.so
7f53d6b3a000-7f53d6d3a000 ---p 00557000 08:02 559428                     /usr/lib/liblapack.so
7f53d6d3a000-7f53d6d3f000 rw-p 00557000 08:02 559428                     /usr/lib/liblapack.so
7f53d6d3f000-7f53d6e4c000 rw-p 00000000 00:00 0 
7f53d6e4c000-7f53d6e6d000 r-xp 00000000 08:02 554123                     /usr/lib/libcblas.so
7f53d6e6d000-7f53d706c000 ---p 00021000 08:02 554123                     /usr/lib/libcblas.so
7f53d706c000-7f53d706d000 rw-p 00020000 08:02 554123                     /usr/lib/libcblas.so
7f53d706d000-7f53d7209000 r-xp 00000000 00:23 547585                     /tmp/javacpp16121248678676/libnd4j.so
7f53d7209000-7f53d7408000 ---p 0019c000 00:23 547585                     /tmp/javacpp16121248678676/libnd4j.so
7f53d7408000-7f53d7409000 r--p 0019b000 00:23 547585                     /tmp/javacpp16121248678676/libnd4j.so
7f53d7409000-7f53d740a000 rw-p 0019c000 00:23 547585                     /tmp/javacpp16121248678676/libnd4j.so
7f53d740a000-7f53d7427000 r-xp 00000000 00:23 547584                     /tmp/javacpp16121248678676/libblas.so.3
7f53d7427000-7f53d7627000 ---p 0001d000 00:23 547584                     /tmp/javacpp16121248678676/libblas.so.3
7f53d7627000-7f53d7628000 rw-p 0001d000 00:23 547584                     /tmp/javacpp16121248678676/libblas.so.3
7f53d7628000-7f53d7bda000 r-xp 00000000 08:02 549418                     /usr/lib/libatlas.so
7f53d7bda000-7f53d7dda000 ---p 005b2000 08:02 549418                     /usr/lib/libatlas.so
7f53d7dda000-7f53d7de2000 rw-p 005b2000 08:02 549418                     /usr/lib/libatlas.so
7f53d7de2000-7f53d7dff000 r-xp 00000000 00:23 547583                     /tmp/javacpp16121248678676/libblas.so
7f53d7dff000-7f53d7fff000 ---p 0001d000 00:23 547583                     /tmp/javacpp16121248678676/libblas.so
7f53d7fff000-7f53d8000000 rw-p 0001d000 00:23 547583                     /tmp/javacpp16121248678676/libblas.so
7f53d8000000-7f53d8021000 rw-p 00000000 00:00 0 
7f53d8021000-7f53dc000000 ---p 00000000 00:00 0 
7f53dc000000-7f53dc021000 rw-p 00000000 00:00 0 
7f53dc021000-7f53e0000000 ---p 00000000 00:00 0 
7f53e0000000-7f53e1c90000 rw-p 00000000 00:00 0 
7f53e1c90000-7f53e4000000 ---p 00000000 00:00 0 
7f53e4000000-7f53e4558000 rw-p 00000000 00:00 0 
7f53e4558000-7f53e8000000 ---p 00000000 00:00 0 
7f53e8000000-7f53e8021000 rw-p 00000000 00:00 0 
7f53e8021000-7f53ec000000 ---p 00000000 00:00 0 
7f53ec000000-7f53ec696000 rw-p 00000000 00:00 0 
7f53ec696000-7f53f0000000 ---p 00000000 00:00 0 
7f53f0000000-7f53f0021000 rw-p 00000000 00:00 0 
7f53f0021000-7f53f4000000 ---p 00000000 00:00 0 
7f53f4000000-7f53f4021000 rw-p 00000000 00:00 0 
7f53f4021000-7f53f8000000 ---p 00000000 00:00 0 
7f53f8000000-7f53f8021000 rw-p 00000000 00:00 0 
7f53f8021000-7f53fc000000 ---p 00000000 00:00 0 
7f53fc000000-7f53fc021000 rw-p 00000000 00:00 0 
7f53fc021000-7f5400000000 ---p 00000000 00:00 0 
7f5400000000-7f5400021000 rw-p 00000000 00:00 0 
7f5400021000-7f5404000000 ---p 00000000 00:00 0 
7f5404000000-7f5404021000 rw-p 00000000 00:00 0 
7f5404021000-7f5408000000 ---p 00000000 00:00 0 
7f5408000000-7f5408021000 rw-p 00000000 00:00 0 
7f5408021000-7f540c000000 ---p 00000000 00:00 0 
7f540c1df000-7f540c1f5000 r-xp 00000000 08:02 535521                     /usr/lib/libgcc_s.so.1
7f540c1f5000-7f540c3f4000 ---p 00016000 08:02 535521                     /usr/lib/libgcc_s.so.1
7f540c3f4000-7f540c3f5000 r--p 00015000 08:02 535521                     /usr/lib/libgcc_s.so.1
7f540c3f5000-7f540c3f6000 rw-p 00016000 08:02 535521                     /usr/lib/libgcc_s.so.1
7f540c3f6000-7f540c524000 r-xp 00000000 00:23 547582                     /tmp/javacpp16121248678676/libgfortran.so.3
7f540c524000-7f540c724000 ---p 0012e000 00:23 547582                     /tmp/javacpp16121248678676/libgfortran.so.3
7f540c724000-7f540c725000 r--p 0012e000 00:23 547582                     /tmp/javacpp16121248678676/libgfortran.so.3
7f540c725000-7f540c727000 rw-p 0012f000 00:23 547582                     /tmp/javacpp16121248678676/libgfortran.so.3
7f540c727000-7f540c766000 r-xp 00000000 00:23 547581                     /tmp/javacpp16121248678676/libquadmath.so.0
7f540c766000-7f540c965000 ---p 0003f000 00:23 547581                     /tmp/javacpp16121248678676/libquadmath.so.0
7f540c965000-7f540c966000 r--p 0003e000 00:23 547581                     /tmp/javacpp16121248678676/libquadmath.so.0
7f540c966000-7f540c967000 rw-p 0003f000 00:23 547581                     /tmp/javacpp16121248678676/libquadmath.so.0
7f540c967000-7f540c994000 r-xp 00000000 00:23 547580                     /tmp/javacpp16121248678676/libgomp.so.1
7f540c994000-7f540cb93000 ---p 0002d000 00:23 547580                     /tmp/javacpp16121248678676/libgomp.so.1
7f540cb93000-7f540cb94000 r--p 0002c000 00:23 547580                     /tmp/javacpp16121248678676/libgomp.so.1
7f540cb94000-7f540cb95000 rw-p 0002d000 00:23 547580                     /tmp/javacpp16121248678676/libgomp.so.1
7f540cb95000-7f540cbc6000 rw-p 00000000 00:00 0 
7f540cbc6000-7f540cbdc000 r-xp 00000000 08:02 705913                     /usr/lib/jvm/java-8-openjdk/jre/lib/amd64/libnet.so
7f540cbdc000-7f540cddc000 ---p 00016000 08:02 705913                     /usr/lib/jvm/java-8-openjdk/jre/lib/amd64/libnet.so
7f540cddc000-7f540cddd000 rw-p 00016000 08:02 705913                     /usr/lib/jvm/java-8-openjdk/jre/lib/amd64/libnet.so
7f540cddd000-7f540cde0000 ---p 00000000 00:00 0 
7f540cde0000-7f540cede000 rw-p 00000000 00:00 0 
7f540cede000-7f540cee0000 r--s 0001e000 08:02 637775                     /usr/share/intellijidea-ce/lib/idea_rt.jar
7f540cee0000-7f540cefe000 r--s 00110000 08:03 13775683                   /home/atoll/.m2/repository/org/mockito/mockito-all/2.0.2-beta/mockito-all-2.0.2-beta.jar
7f540cefe000-7f540cf00000 r--s 00006000 08:03 13800812                   /home/atoll/.m2/repository/org/deeplearning4j/rl4j/gym-java-client/0.5.0-SNAPSHOT/gym-java-client-0.5.0-SNAPSHOT.jar
7f540cf00000-7f540cf02000 r--s 00000000 08:03 14046434                   /home/atoll/.m2/repository/org/deeplearning4j/rl4j/rl4j-gym/0.5.0-SNAPSHOT/rl4j-gym-0.5.0-SNAPSHOT.jar
7f540cf02000-7f540cf04000 r--s 00002000 08:03 13660570                   /home/atoll/.m2/repository/com/doom/vizdoom/1.0/vizdoom-1.0.jar
7f540cf04000-7f540cf05000 r--s 00002000 08:03 14046442                   /home/atoll/.m2/repository/org/deeplearning4j/rl4j/rl4j-doom/0.5.0-SNAPSHOT/rl4j-doom-0.5.0-SNAPSHOT.jar
7f540cf05000-7f540cf08000 r--s 0000b000 08:03 14046716                   /home/atoll/.m2/repository/com/fasterxml/jackson/core/jackson-annotations/2.8.1/jackson-annotations-2.8.1.jar
7f540cf08000-7f540cf0c000 r--s 00041000 08:03 13933612                   /home/atoll/.m2/repository/com/fasterxml/jackson/core/jackson-core/2.8.1/jackson-core-2.8.1.jar
7f540cf0c000-7f540cf1e000 r--s 0011b000 08:03 13933635                   /home/atoll/.m2/repository/com/fasterxml/jackson/core/jackson-databind/2.8.1/jackson-databind-2.8.1.jar
7f540cf1e000-7f540cf21000 r--s 00014000 08:03 13774331                   /home/atoll/.m2/repository/de/erichseifert/vectorgraphics2d/VectorGraphics2D/0.11/VectorGraphics2D-0.11.jar
7f540cf21000-7f540cf25000 r--s 00028000 08:03 13774328                   /home/atoll/.m2/repository/org/knowm/xchart/xchart/3.1.0/xchart-3.1.0.jar
7f540cf25000-7f540cf30000 r--s 00065000 08:03 13774324                   /home/atoll/.m2/repository/ch/qos/logback/logback-core/1.1.3/logback-core-1.1.3.jar
7f540cf30000-7f540cf36000 r--s 0003f000 08:03 13774322                   /home/atoll/.m2/repository/ch/qos/logback/logback-classic/1.1.3/logback-classic-1.1.3.jar
7f540cf36000-7f540cf46000 r--s 000a8000 08:03 13774320                   /home/atoll/.m2/repository/org/apache/commons/commons-collections4/4.1/commons-collections4-4.1.jar
7f540cf46000-7f540cf47000 r--s 00004000 08:03 14046867                   /home/atoll/.m2/repository/org/nd4j/nd4j-native-api/0.5.1-SNAPSHOT/nd4j-native-api-0.5.1-SNAPSHOT.jar
7f540cf47000-7f540cf48000 r--s 00262000 08:03 160586                     /home/atoll/.m2/repository/org/nd4j/nd4j-native/0.5.1-SNAPSHOT/nd4j-native-0.5.1-SNAPSHOT-linux-x86_64.jar
7f540cf48000-7f540cf49000 r--s 0000a000 08:03 160576                     /home/atoll/.m2/repository/org/nd4j/nd4j-native/0.5.1-SNAPSHOT/nd4j-native-0.5.1-SNAPSHOT.jar
7f540cf49000-7f540cf75000 r--s 00208000 08:03 13661005                   /home/atoll/.m2/repository/com/google/guava/guava/19.0/guava-19.0.jar
7f540cf75000-7f540cf76000 r--s 00241000 08:03 13661463                   /home/atoll/.m2/repository/org/bytedeco/javacpp-presets/leptonica/1.73-1.2/leptonica-1.73-1.2-linux-ppc64le.jar
7f540cf76000-7f540cf77000 r--s 0028a000 08:03 13661461                   /home/atoll/.m2/repository/org/bytedeco/javacpp-presets/leptonica/1.73-1.2/leptonica-1.73-1.2-windows-x86_64.jar
7f540cf77000-7f540cf79000 r--s 0025b000 08:03 13661459                   /home/atoll/.m2/repository/org/bytedeco/javacpp-presets/leptonica/1.73-1.2/leptonica-1.73-1.2-macosx-x86_64.jar
7f540cf79000-7f540cf7a000 r--s 00238000 08:03 13660793                   /home/atoll/.m2/repository/org/bytedeco/javacpp-presets/leptonica/1.73-1.2/leptonica-1.73-1.2-linux-x86_64.jar
7f540cf7a000-7f540cf7d000 r--s 00021000 08:03 13660792                   /home/atoll/.m2/repository/org/bytedeco/javacpp-presets/leptonica/1.73-1.2/leptonica-1.73-1.2.jar
7f540cf7d000-7f540cf7f000 r--s 00bed000 08:03 13661457                   /home/atoll/.m2/repository/org/bytedeco/javacpp-presets/ffmpeg/3.0.2-1.2/ffmpeg-3.0.2-1.2-linux-ppc64le.jar
7f540cf7f000-7f540cf81000 r--s 01119000 08:03 13661455                   /home/atoll/.m2/repository/org/bytedeco/javacpp-presets/ffmpeg/3.0.2-1.2/ffmpeg-3.0.2-1.2-windows-x86_64.jar
7f540cf81000-7f540cf83000 r--s 00a46000 08:03 13661453                   /home/atoll/.m2/repository/org/bytedeco/javacpp-presets/ffmpeg/3.0.2-1.2/ffmpeg-3.0.2-1.2-macosx-x86_64.jar
7f540cf83000-7f540cf85000 r--s 00920000 08:03 13661454                   /home/atoll/.m2/repository/org/bytedeco/javacpp-presets/opencv/3.1.0-1.2/opencv-3.1.0-1.2-linux-ppc64le.jar
7f540cf85000-7f540cf88000 r--s 0098d000 08:03 13661452                   /home/atoll/.m2/repository/org/bytedeco/javacpp-presets/opencv/3.1.0-1.2/opencv-3.1.0-1.2-windows-x86_64.jar
7f540cf88000-7f540cf8a000 r--s 00813000 08:03 13661451                   /home/atoll/.m2/repository/org/bytedeco/javacpp-presets/opencv/3.1.0-1.2/opencv-3.1.0-1.2-macosx-x86_64.jar
7f540cf8a000-7f540cf8c000 r--s 0000b000 08:03 13660789                   /home/atoll/.m2/repository/com/twelvemonkeys/imageio/imageio-bmp/3.1.1/imageio-bmp-3.1.1.jar
7f540cf8c000-7f540cf8e000 r--s 0000f000 08:03 13660788                   /home/atoll/.m2/repository/com/twelvemonkeys/imageio/imageio-psd/3.1.1/imageio-psd-3.1.1.jar
7f540cf8e000-7f540cf90000 r--s 0000e000 08:03 13660787                   /home/atoll/.m2/repository/com/twelvemonkeys/imageio/imageio-tiff/3.1.1/imageio-tiff-3.1.1.jar
7f540cf90000-7f540cf93000 r--s 00012000 08:03 13660783                   /home/atoll/.m2/repository/com/twelvemonkeys/common/common-image/3.1.1/common-image-3.1.1.jar
7f540cf93000-7f540cf95000 r--s 00014000 08:03 13660781                   /home/atoll/.m2/repository/com/twelvemonkeys/common/common-io/3.1.1/common-io-3.1.1.jar
7f540cf95000-7f540cf98000 r--s 0001a000 08:03 13660780                   /home/atoll/.m2/repository/com/twelvemonkeys/common/common-lang/3.1.1/common-lang-3.1.1.jar
7f540cf98000-7f540cf9b000 r--s 0000e000 08:03 13660778                   /home/atoll/.m2/repository/com/twelvemonkeys/imageio/imageio-metadata/3.1.1/imageio-metadata-3.1.1.jar
7f540cf9b000-7f540cf9e000 r--s 0000c000 08:03 13660775                   /home/atoll/.m2/repository/com/twelvemonkeys/imageio/imageio-core/3.1.1/imageio-core-3.1.1.jar
7f540cf9e000-7f540cfa0000 r--s 0000d000 08:03 13660774                   /home/atoll/.m2/repository/com/twelvemonkeys/imageio/imageio-jpeg/3.1.1/imageio-jpeg-3.1.1.jar
7f540cfa0000-7f540cfab000 r--s 00088000 08:03 13660771                   /home/atoll/.m2/repository/com/github/jai-imageio/jai-imageio-core/1.3.0/jai-imageio-core-1.3.0.jar
7f540cfab000-7f540cfad000 r--s 0000d000 08:03 160056                     /home/atoll/.m2/repository/org/datavec/datavec-data-image/0.5.1-SNAPSHOT/datavec-data-image-0.5.1-SNAPSHOT.jar
7f540cfad000-7f540cfc5000 r--s 00132000 08:03 13660829                   /home/atoll/.m2/repository/org/freemarker/freemarker/2.3.23/freemarker-2.3.23.jar
7f540cfc5000-7f540cfd5000 r--s 00089000 08:03 13660827                   /home/atoll/.m2/repository/joda-time/joda-time/2.9.2/joda-time-2.9.2.jar
7f540cfd5000-7f540cfd7000 r--s 0000c000 08:03 14046822                   /home/atoll/.m2/repository/com/fasterxml/jackson/datatype/jackson-datatype-joda/2.4.4/jackson-datatype-joda-2.4.4.jar
7f540cfd7000-7f540cfe3000 r--s 0007a000 08:03 160015                     /home/atoll/.m2/repository/org/datavec/datavec-api/0.5.1-SNAPSHOT/datavec-api-0.5.1-SNAPSHOT.jar
7f540cfe3000-7f540cfe5000 r--s 00001000 08:03 160050                     /home/atoll/.m2/repository/org/datavec/datavec-nd4j-common/0.5.1-SNAPSHOT/datavec-nd4j-common-0.5.1-SNAPSHOT.jar
7f540cfe5000-7f540cfec000 r--s 0003c000 08:03 13660821                   /home/atoll/.m2/repository/org/yaml/snakeyaml/1.12/snakeyaml-1.12.jar
7f540cfec000-7f540cff5000 r--s 00046000 08:03 13660820                   /home/atoll/.m2/repository/com/fasterxml/jackson/dataformat/jackson-dataformat-yaml/2.5.1/jackson-dataformat-yaml-2.5.1.jar
7f540cff5000-7f540d00a000 r--s 00137000 08:03 13661039                   /home/atoll/.m2/repository/org/projectlombok/lombok/1.16.4/lombok-1.16.4.jar
7f540d00a000-7f540d00b000 r--s 0000f000 08:03 13660816                   /home/atoll/.m2/repository/org/json/json/20131018/json-20131018.jar
7f540d00b000-7f540d012000 r--s 0005e000 08:03 13660809                   /home/atoll/.m2/repository/org/apache/commons/commons-lang3/3.3.1/commons-lang3-3.3.1.jar
7f540d012000-7f540d016000 r--s 00015000 08:03 13660803                   /home/atoll/.m2/repository/org/tukaani/xz/1.5/xz-1.5.jar
7f540d016000-7f540d01d000 r--s 00053000 08:03 13660801                   /home/atoll/.m2/repository/org/apache/commons/commons-compress/1.8/commons-compress-1.8.jar
7f540d01d000-7f540d021000 r--s 0002a000 08:03 13660799                   /home/atoll/.m2/repository/commons-io/commons-io/2.4/commons-io-2.4.jar
7f540d021000-7f540d045000 r--s 001cd000 08:03 13660797                   /home/atoll/.m2/repository/org/apache/commons/commons-math3/3.4.1/commons-math3-3.4.1.jar
7f540d045000-7f540d046000 r--s 00007000 08:03 13660796                   /home/atoll/.m2/repository/org/slf4j/slf4j-api/1.7.12/slf4j-api-1.7.12.jar
7f540d046000-7f540d055000 r--s 000c1000 08:03 13661585                   /home/atoll/.m2/repository/org/deeplearning4j/deeplearning4j-core/0.5.1-SNAPSHOT/deeplearning4j-core-0.5.1-SNAPSHOT.jar
7f540d055000-7f540d056000 r--s 00001000 08:03 159891                     /home/atoll/.m2/repository/org/nd4j/nd4j-context/0.5.1-SNAPSHOT/nd4j-context-0.5.1-SNAPSHOT.jar
7f540d056000-7f540d05a000 r--s 0000f000 08:03 13660768                   /home/atoll/.m2/repository/com/google/code/findbugs/annotations/2.0.1/annotations-2.0.1.jar
7f540d05a000-7f540d063000 r--s 000ae000 08:03 13661290                   /home/atoll/.m2/repository/org/javassist/javassist/3.19.0-GA/javassist-3.19.0-GA.jar
7f540d063000-7f540d066000 r--s 0001d000 08:03 13660765                   /home/atoll/.m2/repository/org/reflections/reflections/0.9.10/reflections-0.9.10.jar
7f540d066000-7f540d068000 r--s 0001d000 08:03 159753                     /home/atoll/.m2/repository/org/nd4j/nd4j-common/0.5.1-SNAPSHOT/nd4j-common-0.5.1-SNAPSHOT.jar
7f540d068000-7f540d06b000 r--s 0000c000 08:03 159927                     /home/atoll/.m2/repository/org/nd4j/nd4j-buffer/0.5.1-SNAPSHOT/nd4j-buffer-0.5.1-SNAPSHOT.jar
7f540d06b000-7f540d076000 r--s 0009c000 08:03 160035                     /home/atoll/.m2/repository/org/nd4j/nd4j-api/0.5.1-SNAPSHOT/nd4j-api-0.5.1-SNAPSHOT.jar
7f540d076000-7f540d078000 r--s 00009000 08:03 13775679                   /home/atoll/.m2/repository/org/apache/httpcomponents/httpmime/4.5.2/httpmime-4.5.2.jar
7f540d078000-7f540d07f000 r--s 00050000 08:03 13775676                   /home/atoll/.m2/repository/org/apache/httpcomponents/httpcore-nio/4.4.4/httpcore-nio-4.4.4.jar
7f540d07f000-7f540d083000 r--s 00028000 08:03 13775674                   /home/atoll/.m2/repository/org/apache/httpcomponents/httpasyncclient/4.1.1/httpasyncclient-4.1.1.jar
7f540d083000-7f540d08a000 r--s 0003a000 08:03 13775672                   /home/atoll/.m2/repository/commons-codec/commons-codec/1.9/commons-codec-1.9.jar
7f540d08a000-7f540d08c000 r--s 0000e000 08:03 13775670                   /home/atoll/.m2/repository/commons-logging/commons-logging/1.2/commons-logging-1.2.jar
7f540d08c000-7f540d093000 r--s 00049000 08:03 13775668                   /home/atoll/.m2/repository/org/apache/httpcomponents/httpcore/4.4.4/httpcore-4.4.4.jar
7f540d093000-7f540d0a0000 r--s 000a7000 08:03 13775666                   /home/atoll/.m2/repository/org/apache/httpcomponents/httpclient/4.5.2/httpclient-4.5.2.jar
7f540d0a0000-7f540d0a2000 r--s 00009000 08:03 13775664                   /home/atoll/.m2/repository/com/mashape/unirest/unirest-java/1.4.9/unirest-java-1.4.9.jar
7f540d0a2000-7f540d0a3000 r--s 00001000 08:03 13774394                   /home/atoll/.m2/repository/org/deeplearning4j/rl4j/rl4j-api/0.5.0-SNAPSHOT/rl4j-api-0.5.0-SNAPSHOT.jar
7f540d0a3000-7f540d0a5000 r--s 00009000 08:03 13660752                   /home/atoll/.m2/repository/org/bytedeco/javacpp-presets/flandmark/1.07-1.2/flandmark-1.07-1.2-linux-x86_64.jar
7f540d0a5000-7f540d0a6000 r--s 00002000 08:03 13660751                   /home/atoll/.m2/repository/org/bytedeco/javacpp-presets/flandmark/1.07-1.2/flandmark-1.07-1.2.jar
7f540d0a6000-7f540d0a7000 r--s 0002a000 08:03 13660747                   /home/atoll/.m2/repository/org/bytedeco/javacpp-presets/artoolkitplus/2.3.1-1.2/artoolkitplus-2.3.1-1.2-linux-x86_64.jar
7f540d0a7000-7f540d0a8000 r--s 00005000 08:03 13660746                   /home/atoll/.m2/repository/org/bytedeco/javacpp-presets/artoolkitplus/2.3.1-1.2/artoolkitplus-2.3.1-1.2.jar
7f540d0a8000-7f540d0a9000 r--s 00000000 08:03 13660745                   /home/atoll/.m2/repository/org/bytedeco/javacpp-presets/videoinput/0.200-1.2/videoinput-0.200-1.2-linux-x86_64.jar
7f540d0a9000-7f540d0aa000 r--s 00003000 08:03 13660741                   /home/atoll/.m2/repository/org/bytedeco/javacpp-presets/videoinput/0.200-1.2/videoinput-0.200-1.2.jar
7f540d0aa000-7f540d0ac000 r--s 00004000 08:03 13660739                   /home/atoll/.m2/repository/org/bytedeco/javacpp-presets/libfreenect/0.5.3-1.2/libfreenect-0.5.3-1.2.jar
7f540d0ac000-7f540d0ae000 r--s 00006000 08:03 13660733                   /home/atoll/.m2/repository/org/bytedeco/javacpp-presets/libdc1394/2.2.4-1.2/libdc1394-2.2.4-1.2.jar
7f540d0ae000-7f540d0b2000 r--s 0001f000 08:03 13660730                   /home/atoll/.m2/repository/org/bytedeco/javacpp-presets/flycapture/2.9.3.43-1.2/flycapture-2.9.3.43-1.2.jar
7f540d0b2000-7f540d0c1000 r--s 00093000 08:03 13660719                   /home/atoll/.m2/repository/org/bytedeco/javacpp-presets/opencv/3.1.0-1.2/opencv-3.1.0-1.2.jar
7f540d0c1000-7f540d157000 r--s 008d5000 08:02 729450                     /usr/lib/jvm/java-8-openjdk/jre/lib/ext/jfxrt.jar
7f540d157000-7f540d158000 ---p 00000000 00:00 0 
7f540d158000-7f540d258000 rw-p 00000000 00:00 0 
7f540d258000-7f540d25b000 ---p 00000000 00:00 0 
7f540d25b000-7f540d359000 rw-p 00000000 00:00 0 
7f540d359000-7f540d35c000 ---p 00000000 00:00 0 
7f540d35c000-7f540d45a000 rw-p 00000000 00:00 0 
7f540d45a000-7f540d45d000 ---p 00000000 00:00 0 
7f540d45d000-7f540d55b000 rw-p 00000000 00:00 0 
7f540d55b000-7f540d55e000 ---p 00000000 00:00 0 
7f540d55e000-7f540d65c000 rw-p 00000000 00:00 0 
7f540d65c000-7f540d65f000 ---p 00000000 00:00 0 
7f540d65f000-7f540d75d000 rw-p 00000000 00:00 0 
7f540d75d000-7f540d8f6000 r--p 00000000 08:02 617558                     /usr/lib/locale/locale-archive
7f540d8f6000-7f540d8f9000 ---p 00000000 00:00 0 
7f540d8f9000-7f540d9f7000 rw-p 00000000 00:00 0 
7f540d9f7000-7f540d9fa000 ---p 00000000 00:00 0 
7f540d9fa000-7f540daf8000 rw-p 00000000 00:00 0 
7f540daf8000-7f540daf9000 ---p 00000000 00:00 0 
7f540daf9000-7f540ebd9000 rw-p 00000000 00:00 0 
7f540ebd9000-7f540eda7000 r--s 03bf0000 08:02 682686                     /usr/lib/jvm/java-8-openjdk/jre/lib/rt.jar
7f540eda7000-7f5413775000 rw-p 00000000 00:00 0 
7f5413775000-7f5413776000 ---p 00000000 00:00 0 
7f5413776000-7f5413876000 rw-p 00000000 00:00 0 
7f5413876000-7f5413877000 ---p 00000000 00:00 0 
7f5413877000-7f5413977000 rw-p 00000000 00:00 0 
7f5413977000-7f5413978000 ---p 00000000 00:00 0 
7f5413978000-7f5413a78000 rw-p 00000000 00:00 0 
7f5413a78000-7f5413a79000 ---p 00000000 00:00 0 
7f5413a79000-7f5413ba3000 rw-p 00000000 00:00 0 
7f5413ba3000-7f5413e09000 ---p 00000000 00:00 0 
7f5413e09000-7f5413e33000 rw-p 00000000 00:00 0 
7f5413e33000-7f5414099000 ---p 00000000 00:00 0 
7f5414099000-7f54140dc000 rw-p 00000000 00:00 0 
7f54140dc000-7f54141e1000 ---p 00000000 00:00 0 
7f54141e1000-7f54141f4000 rw-p 00000000 00:00 0 
7f54141f4000-7f54145a2000 ---p 00000000 00:00 0 
7f54145a2000-7f5414a12000 rwxp 00000000 00:00 0 
7f5414a12000-7f54235a2000 ---p 00000000 00:00 0 
7f54235a2000-7f54235aa000 r-xp 00000000 08:02 705910                     /usr/lib/jvm/java-8-openjdk/jre/lib/amd64/libzip.so
7f54235aa000-7f54237a9000 ---p 00008000 08:02 705910                     /usr/lib/jvm/java-8-openjdk/jre/lib/amd64/libzip.so
7f54237a9000-7f54237aa000 rw-p 00007000 08:02 705910                     /usr/lib/jvm/java-8-openjdk/jre/lib/amd64/libzip.so
7f54237aa000-7f54237b4000 r-xp 00000000 08:02 527695                     /usr/lib/libnss_files-2.24.so
7f54237b4000-7f54239b4000 ---p 0000a000 08:02 527695                     /usr/lib/libnss_files-2.24.so
7f54239b4000-7f54239b5000 r--p 0000a000 08:02 527695                     /usr/lib/libnss_files-2.24.so
7f54239b5000-7f54239b6000 rw-p 0000b000 08:02 527695                     /usr/lib/libnss_files-2.24.so
7f54239b6000-7f54239bc000 rw-p 00000000 00:00 0 
7f54239bc000-7f54239e8000 r-xp 00000000 08:02 705909                     /usr/lib/jvm/java-8-openjdk/jre/lib/amd64/libjava.so
7f54239e8000-7f5423be8000 ---p 0002c000 08:02 705909                     /usr/lib/jvm/java-8-openjdk/jre/lib/amd64/libjava.so
7f5423be8000-7f5423bea000 rw-p 0002c000 08:02 705909                     /usr/lib/jvm/java-8-openjdk/jre/lib/amd64/libjava.so
7f5423bea000-7f5423bf7000 r-xp 00000000 08:02 689738                     /usr/lib/jvm/java-8-openjdk/jre/lib/amd64/libverify.so
7f5423bf7000-7f5423df6000 ---p 0000d000 08:02 689738                     /usr/lib/jvm/java-8-openjdk/jre/lib/amd64/libverify.so
7f5423df6000-7f5423df8000 rw-p 0000c000 08:02 689738                     /usr/lib/jvm/java-8-openjdk/jre/lib/amd64/libverify.so
7f5423df8000-7f5423dff000 r-xp 00000000 08:02 527703                     /usr/lib/librt-2.24.so
7f5423dff000-7f5423ffe000 ---p 00007000 08:02 527703                     /usr/lib/librt-2.24.so
7f5423ffe000-7f5423fff000 r--p 00006000 08:02 527703                     /usr/lib/librt-2.24.so
7f5423fff000-7f5424000000 rw-p 00007000 08:02 527703                     /usr/lib/librt-2.24.so
7f5424000000-7f5425e7d000 rw-p 00000000 00:00 0 
7f5425e7d000-7f5428000000 ---p 00000000 00:00 0 
7f5428000000-7f5428001000 r--s 00014000 08:03 13660740                   /home/atoll/.m2/repository/org/bytedeco/javacpp-presets/libfreenect/0.5.3-1.2/libfreenect-0.5.3-1.2-linux-x86_64.jar
7f5428001000-7f5428007000 r--s 00031000 08:03 13660723                   /home/atoll/.m2/repository/org/bytedeco/javacpp-presets/ffmpeg/3.0.2-1.2/ffmpeg-3.0.2-1.2.jar
7f5428007000-7f542800a000 r--s 0087c000 08:03 13660725                   /home/atoll/.m2/repository/org/bytedeco/javacpp-presets/opencv/3.1.0-1.2/opencv-3.1.0-1.2-linux-x86_64.jar
7f542800a000-7f542800e000 r--s 00043000 08:03 13660721                   /home/atoll/.m2/repository/org/bytedeco/javacpp/1.2/javacpp-1.2.jar
7f542800e000-7f5428013000 r--s 00056000 08:03 13660717                   /home/atoll/.m2/repository/org/bytedeco/javacv/1.2/javacv-1.2.jar
7f5428013000-7f5428017000 r--s 00017000 08:03 14043884                   /home/atoll/.m2/repository/org/deeplearning4j/rl4j/rl4j-core/0.5.0-SNAPSHOT/rl4j-core-0.5.0-SNAPSHOT.jar
7f5428017000-7f542811a000 r-xp 00000000 08:02 527700                     /usr/lib/libm-2.24.so
7f542811a000-7f5428319000 ---p 00103000 08:02 527700                     /usr/lib/libm-2.24.so
7f5428319000-7f542831a000 r--p 00102000 08:02 527700                     /usr/lib/libm-2.24.so
7f542831a000-7f542831b000 rw-p 00103000 08:02 527700                     /usr/lib/libm-2.24.so
7f542831b000-7f5428f7b000 r-xp 00000000 08:02 753633                     /usr/lib/jvm/java-8-openjdk/jre/lib/amd64/server/libjvm.so
7f5428f7b000-7f542917b000 ---p 00c60000 08:02 753633                     /usr/lib/jvm/java-8-openjdk/jre/lib/amd64/server/libjvm.so
7f542917b000-7f5429237000 rw-p 00c60000 08:02 753633                     /usr/lib/jvm/java-8-openjdk/jre/lib/amd64/server/libjvm.so
7f5429237000-7f5429267000 rw-p 00000000 00:00 0 
7f5429267000-7f54293fc000 r-xp 00000000 08:02 527587                     /usr/lib/libc-2.24.so
7f54293fc000-7f54295fb000 ---p 00195000 08:02 527587                     /usr/lib/libc-2.24.so
7f54295fb000-7f54295ff000 r--p 00194000 08:02 527587                     /usr/lib/libc-2.24.so
7f54295ff000-7f5429601000 rw-p 00198000 08:02 527587                     /usr/lib/libc-2.24.so
7f5429601000-7f5429605000 rw-p 00000000 00:00 0 
7f5429605000-7f5429607000 r-xp 00000000 08:02 527699                     /usr/lib/libdl-2.24.so
7f5429607000-7f5429807000 ---p 00002000 08:02 527699                     /usr/lib/libdl-2.24.so
7f5429807000-7f5429808000 r--p 00002000 08:02 527699                     /usr/lib/libdl-2.24.so
7f5429808000-7f5429809000 rw-p 00003000 08:02 527699                     /usr/lib/libdl-2.24.so
7f5429809000-7f5429816000 r-xp 00000000 08:02 753630                     /usr/lib/jvm/java-8-openjdk/jre/lib/amd64/jli/libjli.so
7f5429816000-7f5429a15000 ---p 0000d000 08:02 753630                     /usr/lib/jvm/java-8-openjdk/jre/lib/amd64/jli/libjli.so
7f5429a15000-7f5429a16000 rw-p 0000c000 08:02 753630                     /usr/lib/jvm/java-8-openjdk/jre/lib/amd64/jli/libjli.so
7f5429a16000-7f5429a2b000 r-xp 00000000 08:02 530609                     /usr/lib/libz.so.1.2.8
7f5429a2b000-7f5429c2a000 ---p 00015000 08:02 530609                     /usr/lib/libz.so.1.2.8
7f5429c2a000-7f5429c2b000 r--p 00014000 08:02 530609                     /usr/lib/libz.so.1.2.8
7f5429c2b000-7f5429c2c000 rw-p 00015000 08:02 530609                     /usr/lib/libz.so.1.2.8
7f5429c2c000-7f5429c44000 r-xp 00000000 08:02 527495                     /usr/lib/libpthread-2.24.so
7f5429c44000-7f5429e43000 ---p 00018000 08:02 527495                     /usr/lib/libpthread-2.24.so
7f5429e43000-7f5429e44000 r--p 00017000 08:02 527495                     /usr/lib/libpthread-2.24.so
7f5429e44000-7f5429e45000 rw-p 00018000 08:02 527495                     /usr/lib/libpthread-2.24.so
7f5429e45000-7f5429e49000 rw-p 00000000 00:00 0 
7f5429e49000-7f5429e6c000 r-xp 00000000 08:02 527586                     /usr/lib/ld-2.24.so
7f5429e6c000-7f5429e6d000 r--s 00028000 08:03 13660735                   /home/atoll/.m2/repository/org/bytedeco/javacpp-presets/libdc1394/2.2.4-1.2/libdc1394-2.2.4-1.2-linux-x86_64.jar
7f5429e6d000-7f5429e6e000 r--s 0003b000 08:03 13660732                   /home/atoll/.m2/repository/org/bytedeco/javacpp-presets/flycapture/2.9.3.43-1.2/flycapture-2.9.3.43-1.2-linux-x86_64.jar
7f5429e6e000-7f5429e81000 r--s 00346000 08:02 682685                     /usr/lib/jvm/java-8-openjdk/jre/lib/resources.jar
7f5429e81000-7f5429f25000 rw-p 00000000 00:00 0 
7f5429f25000-7f5429f28000 ---p 00000000 00:00 0 
7f5429f28000-7f542a028000 rw-p 00000000 00:00 0 
7f542a028000-7f542a02a000 r--s 00a6e000 08:03 13660727                   /home/atoll/.m2/repository/org/bytedeco/javacpp-presets/ffmpeg/3.0.2-1.2/ffmpeg-3.0.2-1.2-linux-x86_64.jar
7f542a02a000-7f542a02b000 r--s 00000000 08:02 682573                     /usr/lib/jvm/java-8-openjdk/jre/lib/management-agent.jar
7f542a02b000-7f542a02f000 r--s 00097000 08:02 682683                     /usr/lib/jvm/java-8-openjdk/jre/lib/jsse.jar
7f542a02f000-7f542a030000 r--s 00009000 08:02 729449                     /usr/lib/jvm/java-8-openjdk/jre/lib/jfxswt.jar
7f542a030000-7f542a033000 r--s 00015000 08:02 682568                     /usr/lib/jvm/java-8-openjdk/jre/lib/jce.jar
7f542a033000-7f542a038000 r--s 002f9000 08:02 682672                     /usr/lib/jvm/java-8-openjdk/jre/lib/charsets.jar
7f542a038000-7f542a05f000 rw-p 00000000 00:00 0 
7f542a05f000-7f542a067000 rw-s 00000000 00:23 548901                     /tmp/hsperfdata_atoll/17152
7f542a067000-7f542a068000 rw-p 00000000 00:00 0 
7f542a068000-7f542a069000 r--p 00000000 00:00 0 
7f542a069000-7f542a06b000 rw-p 00000000 00:00 0 
7f542a06b000-7f542a06c000 r--p 00022000 08:02 527586                     /usr/lib/ld-2.24.so
7f542a06c000-7f542a06d000 rw-p 00023000 08:02 527586                     /usr/lib/ld-2.24.so
7f542a06d000-7f542a06e000 rw-p 00000000 00:00 0 
7ffd00f54000-7ffd00f77000 rw-p 00000000 00:00 0                          [stack]
7ffd00f77000-7ffd00f79000 r--p 00000000 00:00 0                          [vvar]
7ffd00f79000-7ffd00f7b000 r-xp 00000000 00:00 0                          [vdso]
ffffffffff600000-ffffffffff601000 r-xp 00000000 00:00 0                  [vsyscall]

VM Arguments:
jvm_args: -Dvisualvm.id=16119994278599 -Didea.launcher.port=7534 -Didea.launcher.bin.path=/usr/share/intellijidea-ce/bin -Dfile.encoding=UTF-8 
java_command: com.intellij.rt.execution.application.AppMain org.deeplearning4j.rl4j.Memory
java_class_path (initial): /usr/lib/jvm/java-8-openjdk/jre/lib/charsets.jar:/usr/lib/jvm/java-8-openjdk/jre/lib/ext/cldrdata.jar:/usr/lib/jvm/java-8-openjdk/jre/lib/ext/dnsns.jar:/usr/lib/jvm/java-8-openjdk/jre/lib/ext/jaccess.jar:/usr/lib/jvm/java-8-openjdk/jre/lib/ext/jfxrt.jar:/usr/lib/jvm/java-8-openjdk/jre/lib/ext/localedata.jar:/usr/lib/jvm/java-8-openjdk/jre/lib/ext/nashorn.jar:/usr/lib/jvm/java-8-openjdk/jre/lib/ext/sunec.jar:/usr/lib/jvm/java-8-openjdk/jre/lib/ext/sunjce_provider.jar:/usr/lib/jvm/java-8-openjdk/jre/lib/ext/sunpkcs11.jar:/usr/lib/jvm/java-8-openjdk/jre/lib/ext/zipfs.jar:/usr/lib/jvm/java-8-openjdk/jre/lib/jce.jar:/usr/lib/jvm/java-8-openjdk/jre/lib/jfxswt.jar:/usr/lib/jvm/java-8-openjdk/jre/lib/jsse.jar:/usr/lib/jvm/java-8-openjdk/jre/lib/management-agent.jar:/usr/lib/jvm/java-8-openjdk/jre/lib/resources.jar:/usr/lib/jvm/java-8-openjdk/jre/lib/rt.jar:/home/atoll/rl4j-examples/target/classes:/home/atoll/.m2/repository/org/deeplearning4j/rl4j/rl4j-core/0.5.0-SNAPSHOT/rl4j-core-0.5.0-SNAPSHOT.jar:/home/atoll/.m2/repository/org/bytedeco/javacv/1.2/javacv-1.2.jar:/home/atoll/.m2/repository/org/bytedeco/javacpp/1.2/javacpp-1.2.jar:/home/atoll/.m2/repository/org/bytedeco/javacpp-presets/opencv/3.1.0-1.2/opencv-3.1.0-1.2.jar:/home/atoll/.m2/repository/org/bytedeco/javacpp-presets/opencv/3.1.0-1.2/opencv-3.1.0-1.2-linux-x86_64.jar:/home/atoll/.m2/repository/org/bytedeco/javacpp-presets/ffmpeg/3.0.2-1.2/ffmpeg-3.0.2-1.2.jar:/home/atoll/.m2/repository/org/bytedeco/javacpp-presets/ffmpeg/3.0.2-1.2/ffmpeg-3.0.2-1.2-linux-x86_64.jar:/home/atoll/.m2/repository/org/bytedeco/javacpp-presets/flycapture/2.9.3.43-1.2/flycapture-2.9.3.43-1.2.jar:/home/atoll/.m2/repository/org/bytedeco/javacpp-presets/flycapture/2.9.3.43-1.2/flycapture-2.9.3.43-1.2-linux-x86_64.jar:/home/atoll/.m2/repository/org/bytedeco/javacpp-presets/libdc1394/2.2.4-1.2/libdc1394-2.2.4-1.2.jar:/home/atoll/.m2/repository/org/bytedeco/javacpp-presets/libdc1394/2.2.4-1.2/libdc1394-2.2.4-1.2-lin
Launcher Type: SUN_STANDARD

Environment Variables:
JAVA_HOME=/usr/lib/jvm/java-7-openjdk/bin
PATH=/usr/local/sbin:/usr/local/bin:/usr/bin:/opt/android-sdk/platform-tools:/opt/android-sdk/tools:/usr/lib/jvm/default/bin:/usr/bin/site_perl:/usr/bin/vendor_perl:/usr/bin/core_perl
LD_LIBRARY_PATH=.:
SHELL=/usr/bin/zsh
DISPLAY=:0

Signal Handlers:
SIGSEGV: [libjvm.so+0xa64890], sa_mask[0]=11111111011111111101111111111110, sa_flags=SA_RESTART|SA_SIGINFO
SIGBUS: [libjvm.so+0xa64890], sa_mask[0]=11111111011111111101111111111110, sa_flags=SA_RESTART|SA_SIGINFO
SIGFPE: [libjvm.so+0x8afab0], sa_mask[0]=11111111011111111101111111111110, sa_flags=SA_RESTART|SA_SIGINFO
SIGPIPE: [libjvm.so+0x8afab0], sa_mask[0]=11111111011111111101111111111110, sa_flags=SA_RESTART|SA_SIGINFO
SIGXFSZ: [libjvm.so+0x8afab0], sa_mask[0]=11111111011111111101111111111110, sa_flags=SA_RESTART|SA_SIGINFO
SIGILL: [libjvm.so+0x8afab0], sa_mask[0]=11111111011111111101111111111110, sa_flags=SA_RESTART|SA_SIGINFO
SIGUSR1: SIG_DFL, sa_mask[0]=00000000000000000000000000000000, sa_flags=none
SIGUSR2: [libjvm.so+0x8af960], sa_mask[0]=00100000000000000000000000000000, sa_flags=SA_RESTART|SA_SIGINFO
SIGHUP: [libjvm.so+0x8afe10], sa_mask[0]=11111111011111111101111111111110, sa_flags=SA_RESTART|SA_SIGINFO
SIGINT: [libjvm.so+0x8afe10], sa_mask[0]=11111111011111111101111111111110, sa_flags=SA_RESTART|SA_SIGINFO
SIGTERM: [libjvm.so+0x8afe10], sa_mask[0]=11111111011111111101111111111110, sa_flags=SA_RESTART|SA_SIGINFO
SIGQUIT: [libjvm.so+0x8afe10], sa_mask[0]=11111111011111111101111111111110, sa_flags=SA_RESTART|SA_SIGINFO


---------------  S Y S T E M  ---------------

OS:LSB_VERSION=1.4
DISTRIB_ID=Arch
DISTRIB_RELEASE=rolling
DISTRIB_DESCRIPTION="Arch Linux"

uname:Linux 4.7.0-1-ARCH #1 SMP PREEMPT Mon Aug 8 22:05:58 CEST 2016 x86_64
libc:glibc 2.24 NPTL 2.24 
rlimit: STACK 8192k, CORE infinity, NPROC 31156, NOFILE 4096, AS infinity
load average:2.81 2.91 3.01

/proc/meminfo:
MemTotal:        8057000 kB
MemFree:         1597028 kB
MemAvailable:    2166208 kB
Buffers:           76496 kB
Cached:          1052064 kB
SwapCached:            0 kB
Active:          5494612 kB
Inactive:         630212 kB
Active(anon):    5111584 kB
Inactive(anon):   245464 kB
Active(file):     383028 kB
Inactive(file):   384748 kB
Unevictable:           0 kB
Mlocked:               0 kB
SwapTotal:             0 kB
SwapFree:              0 kB
Dirty:             32044 kB
Writeback:             0 kB
AnonPages:       4886056 kB
Mapped:           369676 kB
Shmem:            360784 kB
Slab:             218800 kB
SReclaimable:      41440 kB
SUnreclaim:       177360 kB
KernelStack:        8848 kB
PageTables:        37784 kB
NFS_Unstable:          0 kB
Bounce:                0 kB
WritebackTmp:          0 kB
CommitLimit:     4028500 kB
Committed_AS:    8417916 kB
VmallocTotal:   34359738367 kB
VmallocUsed:           0 kB
VmallocChunk:          0 kB
HardwareCorrupted:     0 kB
AnonHugePages:   2064384 kB
HugePages_Total:       0
HugePages_Free:        0
HugePages_Rsvd:        0
HugePages_Surp:        0
Hugepagesize:       2048 kB
DirectMap4k:      344368 kB
DirectMap2M:     7921664 kB
DirectMap1G:     1048576 kB


CPU:total 4 (2 cores per cpu, 2 threads per core) family 6 model 69 stepping 1, cmov, cx8, fxsr, mmx, sse, sse2, sse3, ssse3, sse4.1, sse4.2, popcnt, avx, avx2, aes, clmul, erms, rtm, lzcnt, ht, tsc, tscinvbit, bmi1, bmi2

/proc/cpuinfo:
processor	: 0
vendor_id	: GenuineIntel
cpu family	: 6
model		: 69
model name	: Intel(R) Core(TM) i5-4300U CPU @ 1.90GHz
stepping	: 1
microcode	: 0x17
cpu MHz		: 2599.945
cache size	: 3072 KB
physical id	: 0
siblings	: 4
core id		: 0
cpu cores	: 2
apicid		: 0
initial apicid	: 0
fpu		: yes
fpu_exception	: yes
cpuid level	: 13
wp		: yes
flags		: fpu vme de pse tsc msr pae mce cx8 apic sep mtrr pge mca cmov pat pse36 clflush dts acpi mmx fxsr sse sse2 ss ht tm pbe syscall nx pdpe1gb rdtscp lm constant_tsc arch_perfmon pebs bts rep_good nopl xtopology nonstop_tsc aperfmperf eagerfpu pni pclmulqdq dtes64 monitor ds_cpl vmx smx est tm2 ssse3 sdbg fma cx16 xtpr pdcm pcid sse4_1 sse4_2 x2apic movbe popcnt tsc_deadline_timer aes xsave avx f16c rdrand lahf_lm abm epb tpr_shadow vnmi flexpriority ept vpid fsgsbase tsc_adjust bmi1 hle avx2 smep bmi2 erms invpcid rtm xsaveopt dtherm ida arat pln pts
bugs		:
bogomips	: 4990.34
clflush size	: 64
cache_alignment	: 64
address sizes	: 39 bits physical, 48 bits virtual
power management:

processor	: 1
vendor_id	: GenuineIntel
cpu family	: 6
model		: 69
model name	: Intel(R) Core(TM) i5-4300U CPU @ 1.90GHz
stepping	: 1
microcode	: 0x17
cpu MHz		: 2599.945
cache size	: 3072 KB
physical id	: 0
siblings	: 4
core id		: 0
cpu cores	: 2
apicid		: 1
initial apicid	: 1
fpu		: yes
fpu_exception	: yes
cpuid level	: 13
wp		: yes
flags		: fpu vme de pse tsc msr pae mce cx8 apic sep mtrr pge mca cmov pat pse36 clflush dts acpi mmx fxsr sse sse2 ss ht tm pbe syscall nx pdpe1gb rdtscp lm constant_tsc arch_perfmon pebs bts rep_good nopl xtopology nonstop_tsc aperfmperf eagerfpu pni pclmulqdq dtes64 monitor ds_cpl vmx smx est tm2 ssse3 sdbg fma cx16 xtpr pdcm pcid sse4_1 sse4_2 x2apic movbe popcnt tsc_deadline_timer aes xsave avx f16c rdrand lahf_lm abm epb tpr_shadow vnmi flexpriority ept vpid fsgsbase tsc_adjust bmi1 hle avx2 smep bmi2 erms invpcid rtm xsaveopt dtherm ida arat pln pts
bugs		:
bogomips	: 4993.05
clflush size	: 64
cache_alignment	: 64
address sizes	: 39 bits physical, 48 bits virtual
power management:

processor	: 2
vendor_id	: GenuineIntel
cpu family	: 6
model		: 69
model name	: Intel(R) Core(TM) i5-4300U CPU @ 1.90GHz
stepping	: 1
microcode	: 0x17
cpu MHz		: 2599.945
cache size	: 3072 KB
physical id	: 0
siblings	: 4
core id		: 1
cpu cores	: 2
apicid		: 2
initial apicid	: 2
fpu		: yes
fpu_exception	: yes
cpuid level	: 13
wp		: yes
flags		: fpu vme de pse tsc msr pae mce cx8 apic sep mtrr pge mca cmov pat pse36 clflush dts acpi mmx fxsr sse sse2 ss ht tm pbe syscall nx pdpe1gb rdtscp lm constant_tsc arch_perfmon pebs bts rep_good nopl xtopology nonstop_tsc aperfmperf eagerfpu pni pclmulqdq dtes64 monitor ds_cpl vmx smx est tm2 ssse3 sdbg fma cx16 xtpr pdcm pcid sse4_1 sse4_2 x2apic movbe popcnt tsc_deadline_timer aes xsave avx f16c rdrand lahf_lm abm epb tpr_shadow vnmi flexpriority ept vpid fsgsbase tsc_adjust bmi1 hle avx2 smep bmi2 erms invpcid rtm xsaveopt dtherm ida arat pln pts
bugs		:
bogomips	: 4992.10
clflush size	: 64
cache_alignment	: 64
address sizes	: 39 bits physical, 48 bits virtual
power management:

processor	: 3
vendor_id	: GenuineIntel
cpu family	: 6
model		: 69
model name	: Intel(R) Core(TM) i5-4300U CPU @ 1.90GHz
stepping	: 1
microcode	: 0x17
cpu MHz		: 2599.945
cache size	: 3072 KB
physical id	: 0
siblings	: 4
core id		: 1
cpu cores	: 2
apicid		: 3
initial apicid	: 3
fpu		: yes
fpu_exception	: yes
cpuid level	: 13
wp		: yes
flags		: fpu vme de pse tsc msr pae mce cx8 apic sep mtrr pge mca cmov pat pse36 clflush dts acpi mmx fxsr sse sse2 ss ht tm pbe syscall nx pdpe1gb rdtscp lm constant_tsc arch_perfmon pebs bts rep_good nopl xtopology nonstop_tsc aperfmperf eagerfpu pni pclmulqdq dtes64 monitor ds_cpl vmx smx est tm2 ssse3 sdbg fma cx16 xtpr pdcm pcid sse4_1 sse4_2 x2apic movbe popcnt tsc_deadline_timer aes xsave avx f16c rdrand lahf_lm abm epb tpr_shadow vnmi flexpriority ept vpid fsgsbase tsc_adjust bmi1 hle avx2 smep bmi2 erms invpcid rtm xsaveopt dtherm ida arat pln pts
bugs		:
bogomips	: 4992.21
clflush size	: 64
cache_alignment	: 64
address sizes	: 39 bits physical, 48 bits virtual
power management:



Memory: 4k page, physical 8057000k(1597028k free), swap 0k(0k free)

vm_info: OpenJDK 64-Bit Server VM (25.102-b14) for linux-amd64 JRE (1.8.0_102-b14), built on Jul 27 2016 07:46:42 by "builduser" with gcc 6.1.1 20160707

time: Mon Aug 15 12:37:23 2016
elapsed time: 3 seconds (0d 0h 0m 3s)

